[0628/200723.771:ERROR:process_memory_win.cc(73)] ReadMemory at 0x218ac110000 of 64 bytes failed: Запрос ReadProcessMemory или WriteProcessMemory был выполнен только частично. (0x12B)
[0628/200723.811:WARNING:pe_image_reader.cc(340)] could not read dos header from C:\WINDOWS\System32\shcore.dll
[0628/200723.811:ERROR:process_memory_win.cc(73)] ReadMemory at 0x7ffaab2a0000 of 64 bytes failed: Запрос ReadProcessMemory или WriteProcessMemory был выполнен только частично. (0x12B)
[0628/200723.811:WARNING:pe_image_reader.cc(340)] could not read dos header from C:\WINDOWS\SYSTEM32\SSPICLI.DLL
[0628/200723.811:ERROR:process_memory_win.cc(73)] ReadMemory at 0x7ffaab1c0000 of 64 bytes failed: Запрос ReadProcessMemory или WriteProcessMemory был выполнен только частично. (0x12B)
[0628/200723.811:WARNING:pe_image_reader.cc(340)] could not read dos header from C:\WINDOWS\SYSTEM32\CRYPTBASE.DLL
[0628/200723.811:ERROR:process_memory_win.cc(73)] ReadMemory at 0x7ff7f14c0000 of 64 bytes failed: Запрос ReadProcessMemory или WriteProcessMemory был выполнен только частично. (0x12B)
[0628/200723.811:WARNING:pe_image_reader.cc(340)] could not read dos header from C:\Program Files (x86)\Google\Chrome\Application\chrome.exe
[0628/200723.811:ERROR:process_memory_win.cc(73)] ReadMemory at 0x7ff7f14c0000 of 64 bytes failed: Запрос ReadProcessMemory или WriteProcessMemory был выполнен только частично. (0x12B)
[0628/200723.811:WARNING:pe_image_reader.cc(340)] could not read dos header from C:\Program Files (x86)\Google\Chrome\Application\chrome.exe
[0628/200723.811:ERROR:process_memory_win.cc(73)] ReadMemory at 0x7ffaae4c0000 of 64 bytes failed: Запрос ReadProcessMemory или WriteProcessMemory был выполнен только частично. (0x12B)
[0628/200723.811:WARNING:pe_image_reader.cc(340)] could not read dos header from C:\WINDOWS\SYSTEM32\ntdll.dll
[0628/200723.811:ERROR:process_memory_win.cc(73)] ReadMemory at 0x7ffaae4c0000 of 64 bytes failed: Запрос ReadProcessMemory или WriteProcessMemory был выполнен только частично. (0x12B)
[0628/200723.811:WARNING:pe_image_reader.cc(340)] could not read dos header from C:\WINDOWS\SYSTEM32\ntdll.dll
[0628/200723.811:ERROR:process_memory_win.cc(73)] ReadMemory at 0x7ffaad0b0000 of 64 bytes failed: Запрос ReadProcessMemory или WriteProcessMemory был выполнен только частично. (0x12B)
[0628/200723.811:WARNING:pe_image_reader.cc(340)] could not read dos header from C:\WINDOWS\System32\KERNEL32.DLL
[0628/200723.811:ERROR:process_memory_win.cc(73)] ReadMemory at 0x7ffaad0b0000 of 64 bytes failed: Запрос ReadProcessMemory или WriteProcessMemory был выполнен только частично. (0x12B)
[0628/200723.811:WARNING:pe_image_reader.cc(340)] could not read dos header from C:\WINDOWS\System32\KERNEL32.DLL
[0628/200723.811:ERROR:process_memory_win.cc(73)] ReadMemory at 0x7ffaab4a0000 of 64 bytes failed: Запрос ReadProcessMemory или WriteProcessMemory был выполнен только частично. (0x12B)
[0628/200723.811:WARNING:pe_image_reader.cc(340)] could not read dos header from C:\WINDOWS\System32\KERNELBASE.dll
[0628/200723.811:ERROR:process_memory_win.cc(73)] ReadMemory at 0x7ffaab4a0000 of 64 bytes failed: Запрос ReadProcessMemory или WriteProcessMemory был выполнен только частично. (0x12B)
[0628/200723.811:WARNING:pe_image_reader.cc(340)] could not read dos header from C:\WINDOWS\System32\KERNELBASE.dll
[0628/200723.811:ERROR:process_memory_win.cc(73)] ReadMemory at 0x7ffa967c0000 of 64 bytes failed: Запрос ReadProcessMemory или WriteProcessMemory был выполнен только частично. (0x12B)
[0628/200723.811:WARNING:pe_image_reader.cc(340)] could not read dos header from C:\Program Files (x86)\Google\Chrome\Application\83.0.4103.116\chrome_elf.dll
[0628/200723.811:ERROR:process_memory_win.cc(73)] ReadMemory at 0x7ffa967c0000 of 64 bytes failed: Запрос ReadProcessMemory или WriteProcessMemory был выполнен только частично. (0x12B)
[0628/200723.811:WARNING:pe_image_reader.cc(340)] could not read dos header from C:\Program Files (x86)\Google\Chrome\Application\83.0.4103.116\chrome_elf.dll
[0628/200723.811:ERROR:process_memory_win.cc(73)] ReadMemory at 0x7ffaa3020000 of 64 bytes failed: Запрос ReadProcessMemory или WriteProcessMemory был выполнен только частично. (0x12B)
[0628/200723.811:WARNING:pe_image_reader.cc(340)] could not read dos header from C:\WINDOWS\SYSTEM32\VERSION.dll
[0628/200723.811:ERROR:process_memory_win.cc(73)] ReadMemory at 0x7ffaa3020000 of 64 bytes failed: Запрос ReadProcessMemory или WriteProcessMemory был выполнен только частично. (0x12B)
[0628/200723.815:WARNING:pe_image_reader.cc(340)] could not read dos header from C:\WINDOWS\SYSTEM32\VERSION.dll
[0628/200723.815:ERROR:process_memory_win.cc(73)] ReadMemory at 0x7ffaad8e0000 of 64 bytes failed: Запрос ReadProcessMemory или WriteProcessMemory был выполнен только частично. (0x12B)
[0628/200723.815:WARNING:pe_image_reader.cc(340)] could not read dos header from C:\WINDOWS\System32\msvcrt.dll
[0628/200723.815:ERROR:process_memory_win.cc(73)] ReadMemory at 0x7ffaad8e0000 of 64 bytes failed: Запрос ReadProcessMemory или WriteProcessMemory был выполнен только частично. (0x12B)
[0628/200723.815:WARNING:pe_image_reader.cc(340)] could not read dos header from C:\WINDOWS\System32\msvcrt.dll
[0628/200723.815:ERROR:process_memory_win.cc(73)] ReadMemory at 0x7ffaac2f0000 of 64 bytes failed: Запрос ReadProcessMemory или WriteProcessMemory был выполнен только частично. (0x12B)
[0628/200723.815:WARNING:pe_image_reader.cc(340)] could not read dos header from C:\WINDOWS\System32\bcryptPrimitives.dll
[0628/200723.815:ERROR:process_memory_win.cc(73)] ReadMemory at 0x7ffaac2f0000 of 64 bytes failed: Запрос ReadProcessMemory или WriteProcessMemory был выполнен только частично. (0x12B)
[0628/200723.815:WARNING:pe_image_reader.cc(340)] could not read dos header from C:\WINDOWS\System32\bcryptPrimitives.dll
[0628/200723.815:ERROR:process_memory_win.cc(73)] ReadMemory at 0x7ffaad7f0000 of 64 bytes failed: Запрос ReadProcessMemory или WriteProcessMemory был выполнен только частично. (0x12B)
[0628/200723.815:WARNING:pe_image_reader.cc(340)] could not read dos header from C:\WINDOWS\System32\ADVAPI32.dll
[0628/200723.815:ERROR:process_memory_win.cc(73)] ReadMemory at 0x7ffaad7f0000 of 64 bytes failed: Запрос ReadProcessMemory или WriteProcessMemory был выполнен только частично. (0x12B)
[0628/200723.815:WARNING:pe_image_reader.cc(340)] could not read dos header from C:\WINDOWS\System32\ADVAPI32.dll
[0628/200723.815:ERROR:process_memory_win.cc(73)] ReadMemory at 0x7ffaad980000 of 64 bytes failed: Запрос ReadProcessMemory или WriteProcessMemory был выполнен только частично. (0x12B)
[0628/200723.815:WARNING:pe_image_reader.cc(340)] could not read dos header from C:\WINDOWS\System32\sechost.dll
[0628/200723.815:ERROR:process_memory_win.cc(73)] ReadMemory at 0x7ffaad980000 of 64 bytes failed: Запрос ReadProcessMemory или WriteProcessMemory был выполнен только частично. (0x12B)
[0628/200723.815:WARNING:pe_image_reader.cc(340)] could not read dos header from C:\WINDOWS\System32\sechost.dll
[0628/200723.815:ERROR:process_memory_win.cc(73)] ReadMemory at 0x7ffaacbe0000 of 64 bytes failed: Запрос ReadProcessMemory или WriteProcessMemory был выполнен только частично. (0x12B)
[0628/200723.815:WARNING:pe_image_reader.cc(340)] could not read dos header from C:\WINDOWS\System32\RPCRT4.dll
[0628/200723.815:ERROR:process_memory_win.cc(73)] ReadMemory at 0x7ffaacbe0000 of 64 bytes failed: Запрос ReadProcessMemory или WriteProcessMemory был выполнен только частично. (0x12B)
[0628/200723.815:WARNING:pe_image_reader.cc(340)] could not read dos header from C:\WINDOWS\System32\RPCRT4.dll
[0628/200723.815:ERROR:process_memory_win.cc(73)] ReadMemory at 0x7ffa61b30000 of 64 bytes failed: Запрос ReadProcessMemory или WriteProcessMemory был выполнен только частично. (0x12B)
[0628/200723.815:WARNING:pe_image_reader.cc(340)] could not read dos header from C:\Program Files (x86)\Google\Chrome\Application\83.0.4103.116\chrome.dll
[0628/200723.815:ERROR:process_memory_win.cc(73)] ReadMemory at 0x7ffa61b30000 of 64 bytes failed: Запрос ReadProcessMemory или WriteProcessMemory был выполнен только частично. (0x12B)
[0628/200723.815:WARNING:pe_image_reader.cc(340)] could not read dos header from C:\Program Files (x86)\Google\Chrome\Application\83.0.4103.116\chrome.dll
[0628/200723.815:ERROR:process_memory_win.cc(73)] ReadMemory at 0x7ffaae410000 of 64 bytes failed: Запрос ReadProcessMemory или WriteProcessMemory был выполнен только частично. (0x12B)
[0628/200723.815:WARNING:pe_image_reader.cc(340)] could not read dos header from C:\WINDOWS\System32\WS2_32.dll
[0628/200723.815:ERROR:process_memory_win.cc(73)] ReadMemory at 0x7ffaae410000 of 64 bytes failed: Запрос ReadProcessMemory или WriteProcessMemory был выполнен только частично. (0x12B)
[0628/200723.815:WARNING:pe_image_reader.cc(340)] could not read dos header from C:\WINDOWS\System32\WS2_32.dll
[0628/200723.815:ERROR:process_memory_win.cc(73)] ReadMemory at 0x7ffaac6c0000 of 64 bytes failed: Запрос ReadProcessMemory или WriteProcessMemory был выполнен только частично. (0x12B)
[0628/200723.815:WARNING:pe_image_reader.cc(340)] could not read dos header from C:\WINDOWS\System32\OLEAUT32.dll
[0628/200723.815:ERROR:process_memory_win.cc(73)] ReadMemory at 0x7ffaac6c0000 of 64 bytes failed: Запрос ReadProcessMemory или WriteProcessMemory был выполнен только частично. (0x12B)
[0628/200723.815:WARNING:pe_image_reader.cc(340)] could not read dos header from C:\WINDOWS\System32\OLEAUT32.dll
[0628/200723.815:ERROR:process_memory_win.cc(73)] ReadMemory at 0x7ffaac470000 of 64 bytes failed: Запрос ReadProcessMemory или WriteProcessMemory был выполнен только частично. (0x12B)
[0628/200723.815:WARNING:pe_image_reader.cc(340)] could not read dos header from C:\WINDOWS\System32\msvcp_win.dll
[0628/200723.815:ERROR:process_memory_win.cc(73)] ReadMemory at 0x7ffaac470000 of 64 bytes failed: Запрос ReadProcessMemory или WriteProcessMemory был выполнен только частично. (0x12B)
[0628/200723.815:WARNING:pe_image_reader.cc(340)] could not read dos header from C:\WINDOWS\System32\msvcp_win.dll
[0628/200723.815:ERROR:process_memory_win.cc(73)] ReadMemory at 0x7ffaac370000 of 64 bytes failed: Запрос ReadProcessMemory или WriteProcessMemory был выполнен только частично. (0x12B)
[0628/200723.815:WARNING:pe_image_reader.cc(340)] could not read dos header from C:\WINDOWS\System32\ucrtbase.dll
[0628/200723.815:ERROR:process_memory_win.cc(73)] ReadMemory at 0x7ffaac370000 of 64 bytes failed: Запрос ReadProcessMemory или WriteProcessMemory был выполнен только частично. (0x12B)
[0628/200723.815:WARNING:pe_image_reader.cc(340)] could not read dos header from C:\WINDOWS\System32\ucrtbase.dll
[0628/200723.815:ERROR:process_memory_win.cc(73)] ReadMemory at 0x7ffaac790000 of 64 bytes failed: Запрос ReadProcessMemory или WriteProcessMemory был выполнен только частично. (0x12B)
[0628/200723.815:WARNING:pe_image_reader.cc(340)] could not read dos header from C:\WINDOWS\System32\combase.dll
[0628/200723.819:ERROR:process_memory_win.cc(73)] ReadMemory at 0x7ffaac790000 of 64 bytes failed: Запрос ReadProcessMemory или WriteProcessMemory был выполнен только частично. (0x12B)
[0628/200723.819:WARNING:pe_image_reader.cc(340)] could not read dos header from C:\WINDOWS\System32\combase.dll
[0628/200723.819:ERROR:process_memory_win.cc(73)] ReadMemory at 0x7ffaac510000 of 64 bytes failed: Запрос ReadProcessMemory или WriteProcessMemory был выполнен только частично. (0x12B)
[0628/200723.819:WARNING:pe_image_reader.cc(340)] could not read dos header from C:\WINDOWS\System32\WINTRUST.dll
[0628/200723.819:ERROR:process_memory_win.cc(73)] ReadMemory at 0x7ffaac510000 of 64 bytes failed: Запрос ReadProcessMemory или WriteProcessMemory был выполнен только частично. (0x12B)
[0628/200723.819:WARNING:pe_image_reader.cc(340)] could not read dos header from C:\WINDOWS\System32\WINTRUST.dll
[0628/200723.819:ERROR:process_memory_win.cc(73)] ReadMemory at 0x7ffaab3e0000 of 64 bytes failed: Запрос ReadProcessMemory или WriteProcessMemory был выполнен только частично. (0x12B)
[0628/200723.819:WARNING:pe_image_reader.cc(340)] could not read dos header from C:\WINDOWS\System32\MSASN1.dll
[0628/200723.819:ERROR:process_memory_win.cc(73)] ReadMemory at 0x7ffaab3e0000 of 64 bytes failed: Запрос ReadProcessMemory или WriteProcessMemory был выполнен только частично. (0x12B)
[0628/200723.819:WARNING:pe_image_reader.cc(340)] could not read dos header from C:\WINDOWS\System32\MSASN1.dll
[0628/200723.819:ERROR:process_memory_win.cc(73)] ReadMemory at 0x7ffaabed0000 of 64 bytes failed: Запрос ReadProcessMemory или WriteProcessMemory был выполнен только частично. (0x12B)
[0628/200723.819:WARNING:pe_image_reader.cc(340)] could not read dos header from C:\WINDOWS\System32\CRYPT32.dll
[0628/200723.819:ERROR:process_memory_win.cc(73)] ReadMemory at 0x7ffaabed0000 of 64 bytes failed: Запрос ReadProcessMemory или WriteProcessMemory был выполнен только частично. (0x12B)
[0628/200723.819:WARNING:pe_image_reader.cc(340)] could not read dos header from C:\WINDOWS\System32\CRYPT32.dll
[0628/200723.819:ERROR:process_memory_win.cc(73)] ReadMemory at 0x7ffaaa8a0000 of 64 bytes failed: Запрос ReadProcessMemory или WriteProcessMemory был выполнен только частично. (0x12B)
[0628/200723.819:WARNING:pe_image_reader.cc(340)] could not read dos header from C:\WINDOWS\SYSTEM32\IPHLPAPI.DLL
[0628/200723.819:ERROR:process_memory_win.cc(73)] ReadMemory at 0x7ffaaa8a0000 of 64 bytes failed: Запрос ReadProcessMemory или WriteProcessMemory был выполнен только частично. (0x12B)
[0628/200723.819:WARNING:pe_image_reader.cc(340)] could not read dos header from C:\WINDOWS\SYSTEM32\IPHLPAPI.DLL
[0628/200723.819:ERROR:process_memory_win.cc(73)] ReadMemory at 0x7ffaa8030000 of 64 bytes failed: Запрос ReadProcessMemory или WriteProcessMemory был выполнен только частично. (0x12B)
[0628/200723.819:WARNING:pe_image_reader.cc(340)] could not read dos header from C:\WINDOWS\SYSTEM32\WINMM.dll
[0628/200723.819:ERROR:process_memory_win.cc(73)] ReadMemory at 0x7ffaa8030000 of 64 bytes failed: Запрос ReadProcessMemory или WriteProcessMemory был выполнен только частично. (0x12B)
[0628/200723.819:WARNING:pe_image_reader.cc(340)] could not read dos header from C:\WINDOWS\SYSTEM32\WINMM.dll
[0628/200723.819:ERROR:process_memory_win.cc(73)] ReadMemory at 0x7ffa94ac0000 of 64 bytes failed: Запрос ReadProcessMemory или WriteProcessMemory был выполнен только частично. (0x12B)
[0628/200723.819:WARNING:pe_image_reader.cc(340)] could not read dos header from C:\WINDOWS\SYSTEM32\Secur32.dll
[0628/200723.819:ERROR:process_memory_win.cc(73)] ReadMemory at 0x7ffa94ac0000 of 64 bytes failed: Запрос ReadProcessMemory или WriteProcessMemory был выполнен только частично. (0x12B)
[0628/200723.819:WARNING:pe_image_reader.cc(340)] could not read dos header from C:\WINDOWS\SYSTEM32\Secur32.dll
[0628/200723.819:ERROR:process_memory_win.cc(73)] ReadMemory at 0x7ffaab270000 of 64 bytes failed: Запрос ReadProcessMemory или WriteProcessMemory был выполнен только частично. (0x12B)
[0628/200723.819:WARNING:pe_image_reader.cc(340)] could not read dos header from C:\WINDOWS\SYSTEM32\USERENV.dll
[0628/200723.819:ERROR:process_memory_win.cc(73)] ReadMemory at 0x7ffaab270000 of 64 bytes failed: Запрос ReadProcessMemory или WriteProcessMemory был выполнен только частично. (0x12B)
[0628/200723.819:WARNING:pe_image_reader.cc(340)] could not read dos header from C:\WINDOWS\SYSTEM32\USERENV.dll
[0628/200723.819:ERROR:process_memory_win.cc(73)] ReadMemory at 0x7ffaab420000 of 64 bytes failed: Запрос ReadProcessMemory или WriteProcessMemory был выполнен только частично. (0x12B)
[0628/200723.819:WARNING:pe_image_reader.cc(340)] could not read dos header from C:\WINDOWS\System32\profapi.dll
[0628/200723.819:ERROR:process_memory_win.cc(73)] ReadMemory at 0x7ffaab420000 of 64 bytes failed: Запрос ReadProcessMemory или WriteProcessMemory был выполнен только частично. (0x12B)
[0628/200723.819:WARNING:pe_image_reader.cc(340)] could not read dos header from C:\WINDOWS\System32\profapi.dll
[0628/200723.819:ERROR:process_memory_win.cc(73)] ReadMemory at 0x7ffa8b570000 of 64 bytes failed: Запрос ReadProcessMemory или WriteProcessMemory был выполнен только частично. (0x12B)
[0628/200723.819:WARNING:pe_image_reader.cc(340)] could not read dos header from C:\WINDOWS\SYSTEM32\UIAutomationCore.DLL
[0628/200723.819:ERROR:process_memory_win.cc(73)] ReadMemory at 0x7ffa8b570000 of 64 bytes failed: Запрос ReadProcessMemory или WriteProcessMemory был выполнен только частично. (0x12B)
[0628/200723.819:WARNING:pe_image_reader.cc(340)] could not read dos header from C:\WINDOWS\SYSTEM32\UIAutomationCore.DLL
[0628/200723.819:ERROR:process_memory_win.cc(73)] ReadMemory at 0x7ffa9e3a0000 of 64 bytes failed: Запрос ReadProcessMemory или WriteProcessMemory был выполнен только частично. (0x12B)
[0628/200723.819:WARNING:pe_image_reader.cc(340)] could not read dos header from C:\WINDOWS\SYSTEM32\DWrite.dll
[0628/200723.819:ERROR:process_memory_win.cc(73)] ReadMemory at 0x7ffa9e3a0000 of 64 bytes failed: Запрос ReadProcessMemory или WriteProcessMemory был выполнен только частично. (0x12B)
[0628/200723.819:WARNING:pe_image_reader.cc(340)] could not read dos header from C:\WINDOWS\SYSTEM32\DWrite.dll
[0628/200723.819:ERROR:process_memory_win.cc(73)] ReadMemory at 0x7ffa9d5c0000 of 64 bytes failed: Запрос ReadProcessMemory или WriteProcessMemory был выполнен только частично. (0x12B)
[0628/200723.819:WARNING:pe_image_reader.cc(340)] could not read dos header from C:\WINDOWS\SYSTEM32\WINSPOOL.DRV
[0628/200723.819:ERROR:process_memory_win.cc(73)] ReadMemory at 0x7ffa9d5c0000 of 64 bytes failed: Запрос ReadProcessMemory или WriteProcessMemory был выполнен только частично. (0x12B)
[0628/200723.819:WARNING:pe_image_reader.cc(340)] could not read dos header from C:\WINDOWS\SYSTEM32\WINSPOOL.DRV
[0628/200723.819:ERROR:process_memory_win.cc(73)] ReadMemory at 0x7ffaab400000 of 64 bytes failed: Запрос ReadProcessMemory или WriteProcessMemory был выполнен только частично. (0x12B)
[0628/200723.819:WARNING:pe_image_reader.cc(340)] could not read dos header from C:\WINDOWS\System32\kernel.appcore.dll
[0628/200723.823:ERROR:process_memory_win.cc(73)] ReadMemory at 0x7ffaab400000 of 64 bytes failed: Запрос ReadProcessMemory или WriteProcessMemory был выполнен только частично. (0x12B)
[0628/200723.823:WARNING:pe_image_reader.cc(340)] could not read dos header from C:\WINDOWS\System32\kernel.appcore.dll
[0628/200723.823:ERROR:process_memory_win.cc(73)] ReadMemory at 0x7ffaac2a0000 of 64 bytes failed: Запрос ReadProcessMemory или WriteProcessMemory был выполнен только частично. (0x12B)
[0628/200723.823:WARNING:pe_image_reader.cc(340)] could not read dos header from C:\WINDOWS\System32\bcrypt.dll
[0628/200723.823:ERROR:process_memory_win.cc(73)] ReadMemory at 0x7ffaac2a0000 of 64 bytes failed: Запрос ReadProcessMemory или WriteProcessMemory был выполнен только частично. (0x12B)
[0628/200723.823:WARNING:pe_image_reader.cc(340)] could not read dos header from C:\WINDOWS\System32\bcrypt.dll
[0628/200723.823:ERROR:process_memory_win.cc(73)] ReadMemory at 0x7ffa99f20000 of 64 bytes failed: Запрос ReadProcessMemory или WriteProcessMemory был выполнен только частично. (0x12B)
[0628/200723.823:WARNING:pe_image_reader.cc(340)] could not read dos header from C:\WINDOWS\SYSTEM32\dbghelp.dll
[0628/200723.823:ERROR:process_memory_win.cc(73)] ReadMemory at 0x7ffa99f20000 of 64 bytes failed: Запрос ReadProcessMemory или WriteProcessMemory был выполнен только частично. (0x12B)
[0628/200723.823:WARNING:pe_image_reader.cc(340)] could not read dos header from C:\WINDOWS\SYSTEM32\dbghelp.dll
[0628/200723.823:ERROR:process_memory_win.cc(73)] ReadMemory at 0x7ffa9d140000 of 64 bytes failed: Запрос ReadProcessMemory или WriteProcessMemory был выполнен только частично. (0x12B)
[0628/200723.823:WARNING:pe_image_reader.cc(340)] could not read dos header from C:\WINDOWS\SYSTEM32\WINHTTP.dll
[0628/200723.823:ERROR:process_memory_win.cc(73)] ReadMemory at 0x7ffa9d140000 of 64 bytes failed: Запрос ReadProcessMemory или WriteProcessMemory был выполнен только частично. (0x12B)
[0628/200723.823:WARNING:pe_image_reader.cc(340)] could not read dos header from C:\WINDOWS\SYSTEM32\WINHTTP.dll
[0628/200723.823:ERROR:process_memory_win.cc(73)] ReadMemory at 0x7ffaa1bd0000 of 64 bytes failed: Запрос ReadProcessMemory или WriteProcessMemory был выполнен только частично. (0x12B)
[0628/200723.823:WARNING:pe_image_reader.cc(340)] could not read dos header from C:\WINDOWS\SYSTEM32\dhcpcsvc.DLL
[0628/200723.823:ERROR:process_memory_win.cc(73)] ReadMemory at 0x7ffaa1bd0000 of 64 bytes failed: Запрос ReadProcessMemory или WriteProcessMemory был выполнен только частично. (0x12B)
[0628/200723.823:WARNING:pe_image_reader.cc(340)] could not read dos header from C:\WINDOWS\SYSTEM32\dhcpcsvc.DLL
[0628/200723.823:ERROR:process_memory_win.cc(73)] ReadMemory at 0x7ffaac6b0000 of 64 bytes failed: Запрос ReadProcessMemory или WriteProcessMemory был выполнен только частично. (0x12B)
[0628/200723.823:WARNING:pe_image_reader.cc(340)] could not read dos header from C:\WINDOWS\System32\NSI.dll
[0628/200723.823:ERROR:process_memory_win.cc(73)] ReadMemory at 0x7ffaac6b0000 of 64 bytes failed: Запрос ReadProcessMemory или WriteProcessMemory был выполнен только частично. (0x12B)
[0628/200723.823:WARNING:pe_image_reader.cc(340)] could not read dos header from C:\WINDOWS\System32\NSI.dll
[0628/200723.823:ERROR:process_memory_win.cc(73)] ReadMemory at 0x7ffaa8000000 of 64 bytes failed: Запрос ReadProcessMemory или WriteProcessMemory был выполнен только частично. (0x12B)
[0628/200723.823:WARNING:pe_image_reader.cc(340)] could not read dos header from C:\WINDOWS\SYSTEM32\WINMMBASE.dll
[0628/200723.823:ERROR:process_memory_win.cc(73)] ReadMemory at 0x7ffaa8000000 of 64 bytes failed: Запрос ReadProcessMemory или WriteProcessMemory был выполнен только частично. (0x12B)
[0628/200723.823:WARNING:pe_image_reader.cc(340)] could not read dos header from C:\WINDOWS\SYSTEM32\WINMMBASE.dll
[0628/200723.823:ERROR:process_memory_win.cc(73)] ReadMemory at 0x7ffaab450000 of 64 bytes failed: Запрос ReadProcessMemory или WriteProcessMemory был выполнен только частично. (0x12B)
[0628/200723.823:WARNING:pe_image_reader.cc(340)] could not read dos header from C:\WINDOWS\System32\cfgmgr32.dll
[0628/200723.823:ERROR:process_memory_win.cc(73)] ReadMemory at 0x7ffaab450000 of 64 bytes failed: Запрос ReadProcessMemory или WriteProcessMemory был выполнен только частично. (0x12B)
[0628/200723.823:WARNING:pe_image_reader.cc(340)] could not read dos header from C:\WINDOWS\System32\cfgmgr32.dll
[0628/200723.823:ERROR:process_memory_win.cc(73)] ReadMemory at 0x7ffaa7c70000 of 64 bytes failed: Запрос ReadProcessMemory или WriteProcessMemory был выполнен только частично. (0x12B)
[0628/200723.823:WARNING:pe_image_reader.cc(340)] could not read dos header from C:\WINDOWS\SYSTEM32\PROPSYS.dll
[0628/200723.823:ERROR:process_memory_win.cc(73)] ReadMemory at 0x7ffaa7c70000 of 64 bytes failed: Запрос ReadProcessMemory или WriteProcessMemory был выполнен только частично. (0x12B)
[0628/200723.823:WARNING:pe_image_reader.cc(340)] could not read dos header from C:\WINDOWS\SYSTEM32\PROPSYS.dll
[0628/200723.823:ERROR:process_memory_win.cc(73)] ReadMemory at 0x218ac110000 of 64 bytes failed: Запрос ReadProcessMemory или WriteProcessMemory был выполнен только частично. (0x12B)
[0628/200723.823:WARNING:pe_image_reader.cc(340)] could not read dos header from C:\WINDOWS\System32\shcore.dll
[0628/200723.823:ERROR:process_memory_win.cc(73)] ReadMemory at 0x218ac110000 of 64 bytes failed: Запрос ReadProcessMemory или WriteProcessMemory был выполнен только частично. (0x12B)
[0628/200723.823:WARNING:pe_image_reader.cc(340)] could not read dos header from C:\WINDOWS\System32\shcore.dll
[0628/200723.823:ERROR:process_memory_win.cc(73)] ReadMemory at 0x7ffaab2a0000 of 64 bytes failed: Запрос ReadProcessMemory или WriteProcessMemory был выполнен только частично. (0x12B)
[0628/200723.823:WARNING:pe_image_reader.cc(340)] could not read dos header from C:\WINDOWS\SYSTEM32\SSPICLI.DLL
[0628/200723.823:ERROR:process_memory_win.cc(73)] ReadMemory at 0x7ffaab2a0000 of 64 bytes failed: Запрос ReadProcessMemory или WriteProcessMemory был выполнен только частично. (0x12B)
[0628/200723.823:WARNING:pe_image_reader.cc(340)] could not read dos header from C:\WINDOWS\SYSTEM32\SSPICLI.DLL
[0628/200723.823:ERROR:process_memory_win.cc(73)] ReadMemory at 0x7ffaab1c0000 of 64 bytes failed: Запрос ReadProcessMemory или WriteProcessMemory был выполнен только частично. (0x12B)
[0628/200723.823:WARNING:pe_image_reader.cc(340)] could not read dos header from C:\WINDOWS\SYSTEM32\CRYPTBASE.DLL
[0628/200723.823:ERROR:process_memory_win.cc(73)] ReadMemory at 0x7ffaab1c0000 of 64 bytes failed: Запрос ReadProcessMemory или WriteProcessMemory был выполнен только частично. (0x12B)
[0628/200723.823:WARNING:pe_image_reader.cc(340)] could not read dos header from C:\WINDOWS\SYSTEM32\CRYPTBASE.DLL
[0628/200726.075:ERROR:process_memory_win.cc(73)] ReadMemory at 0x7ff7f14c0000 of 64 bytes failed: Запрос ReadProcessMemory или WriteProcessMemory был выполнен только частично. (0x12B)
[0628/200726.075:WARNING:pe_image_reader.cc(340)] could not read dos header from C:\Program Files (x86)\Google\Chrome\Application\chrome.exe
[0628/200726.075:ERROR:process_memory_win.cc(73)] ReadMemory at 0x7ffaae4c0000 of 64 bytes failed: Запрос ReadProcessMemory или WriteProcessMemory был выполнен только частично. (0x12B)
[0628/200726.075:WARNING:pe_image_reader.cc(340)] could not read dos header from C:\WINDOWS\SYSTEM32\ntdll.dll
[0628/200726.075:ERROR:process_memory_win.cc(73)] ReadMemory at 0x7ffaad0b0000 of 64 bytes failed: Запрос ReadProcessMemory или WriteProcessMemory был выполнен только частично. (0x12B)
[0628/200726.075:WARNING:pe_image_reader.cc(340)] could not read dos header from C:\WINDOWS\System32\KERNEL32.DLL
[0628/200726.075:ERROR:process_memory_win.cc(73)] ReadMemory at 0x7ffaab4a0000 of 64 bytes failed: Запрос ReadProcessMemory или WriteProcessMemory был выполнен только частично. (0x12B)
[0628/200726.075:WARNING:pe_image_reader.cc(340)] could not read dos header from C:\WINDOWS\System32\KERNELBASE.dll
[0628/200726.075:ERROR:process_memory_win.cc(73)] ReadMemory at 0x7ffa967c0000 of 64 bytes failed: Запрос ReadProcessMemory или WriteProcessMemory был выполнен только частично. (0x12B)
[0628/200726.075:WARNING:pe_image_reader.cc(340)] could not read dos header from C:\Program Files (x86)\Google\Chrome\Application\83.0.4103.116\chrome_elf.dll
[0628/200726.075:ERROR:process_memory_win.cc(73)] ReadMemory at 0x7ffaa3020000 of 64 bytes failed: Запрос ReadProcessMemory или WriteProcessMemory был выполнен только частично. (0x12B)
[0628/200726.075:WARNING:pe_image_reader.cc(340)] could not read dos header from C:\WINDOWS\SYSTEM32\VERSION.dll
[0628/200726.075:ERROR:process_memory_win.cc(73)] ReadMemory at 0x7ffaad8e0000 of 64 bytes failed: Запрос ReadProcessMemory или WriteProcessMemory был выполнен только частично. (0x12B)
[0628/200726.075:WARNING:pe_image_reader.cc(340)] could not read dos header from C:\WINDOWS\System32\msvcrt.dll
[0628/200726.075:ERROR:process_memory_win.cc(73)] ReadMemory at 0x7ffaac2f0000 of 64 bytes failed: Запрос ReadProcessMemory или WriteProcessMemory был выполнен только частично. (0x12B)
[0628/200726.075:WARNING:pe_image_reader.cc(340)] could not read dos header from C:\WINDOWS\System32\bcryptPrimitives.dll
[0628/200726.075:ERROR:process_memory_win.cc(73)] ReadMemory at 0x7ffaad7f0000 of 64 bytes failed: Запрос ReadProcessMemory или WriteProcessMemory был выполнен только частично. (0x12B)
[0628/200726.075:WARNING:pe_image_reader.cc(340)] could not read dos header from C:\WINDOWS\System32\ADVAPI32.dll
[0628/200726.075:ERROR:process_memory_win.cc(73)] ReadMemory at 0x7ffaad980000 of 64 bytes failed: Запрос ReadProcessMemory или WriteProcessMemory был выполнен только частично. (0x12B)
[0628/200726.075:WARNING:pe_image_reader.cc(340)] could not read dos header from C:\WINDOWS\System32\sechost.dll
[0628/200726.079:ERROR:process_memory_win.cc(73)] ReadMemory at 0x7ffaacbe0000 of 64 bytes failed: Запрос ReadProcessMemory или WriteProcessMemory был выполнен только частично. (0x12B)
[0628/200726.079:WARNING:pe_image_reader.cc(340)] could not read dos header from C:\WINDOWS\System32\RPCRT4.dll
[0628/200726.079:ERROR:process_memory_win.cc(73)] ReadMemory at 0x7ffa61b30000 of 64 bytes failed: Запрос ReadProcessMemory или WriteProcessMemory был выполнен только частично. (0x12B)
[0628/200726.079:WARNING:pe_image_reader.cc(340)] could not read dos header from C:\Program Files (x86)\Google\Chrome\Application\83.0.4103.116\chrome.dll
[0628/200726.079:ERROR:process_memory_win.cc(73)] ReadMemory at 0x7ffaae410000 of 64 bytes failed: Запрос ReadProcessMemory или WriteProcessMemory был выполнен только частично. (0x12B)
[0628/200726.079:WARNING:pe_image_reader.cc(340)] could not read dos header from C:\WINDOWS\System32\WS2_32.dll
[0628/200726.079:ERROR:process_memory_win.cc(73)] ReadMemory at 0x7ffaac6c0000 of 64 bytes failed: Запрос ReadProcessMemory или WriteProcessMemory был выполнен только частично. (0x12B)
[0628/200726.079:WARNING:pe_image_reader.cc(340)] could not read dos header from C:\WINDOWS\System32\OLEAUT32.dll
[0628/200726.079:ERROR:process_memory_win.cc(73)] ReadMemory at 0x7ffaac470000 of 64 bytes failed: Запрос ReadProcessMemory или WriteProcessMemory был выполнен только частично. (0x12B)
[0628/200726.079:WARNING:pe_image_reader.cc(340)] could not read dos header from C:\WINDOWS\System32\msvcp_win.dll
[0628/200726.079:ERROR:process_memory_win.cc(73)] ReadMemory at 0x7ffaac370000 of 64 bytes failed: Запрос ReadProcessMemory или WriteProcessMemory был выполнен только частично. (0x12B)
[0628/200726.079:WARNING:pe_image_reader.cc(340)] could not read dos header from C:\WINDOWS\System32\ucrtbase.dll
[0628/200726.079:ERROR:process_memory_win.cc(73)] ReadMemory at 0x7ffaac790000 of 64 bytes failed: Запрос ReadProcessMemory или WriteProcessMemory был выполнен только частично. (0x12B)
[0628/200726.079:WARNING:pe_image_reader.cc(340)] could not read dos header from C:\WINDOWS\System32\combase.dll
[0628/200726.079:ERROR:process_memory_win.cc(73)] ReadMemory at 0x7ffaac510000 of 64 bytes failed: Запрос ReadProcessMemory или WriteProcessMemory был выполнен только частично. (0x12B)
[0628/200726.079:WARNING:pe_image_reader.cc(340)] could not read dos header from C:\WINDOWS\System32\WINTRUST.dll
[0628/200726.079:ERROR:process_memory_win.cc(73)] ReadMemory at 0x7ffaab3e0000 of 64 bytes failed: Запрос ReadProcessMemory или WriteProcessMemory был выполнен только частично. (0x12B)
[0628/200726.079:WARNING:pe_image_reader.cc(340)] could not read dos header from C:\WINDOWS\System32\MSASN1.dll
[0628/200726.079:ERROR:process_memory_win.cc(73)] ReadMemory at 0x7ffaabed0000 of 64 bytes failed: Запрос ReadProcessMemory или WriteProcessMemory был выполнен только частично. (0x12B)
[0628/200726.079:WARNING:pe_image_reader.cc(340)] could not read dos header from C:\WINDOWS\System32\CRYPT32.dll
[0628/200726.079:ERROR:process_memory_win.cc(73)] ReadMemory at 0x7ffaaa8a0000 of 64 bytes failed: Запрос ReadProcessMemory или WriteProcessMemory был выполнен только частично. (0x12B)
[0628/200726.079:WARNING:pe_image_reader.cc(340)] could not read dos header from C:\WINDOWS\SYSTEM32\IPHLPAPI.DLL
[0628/200726.079:ERROR:process_memory_win.cc(73)] ReadMemory at 0x7ffaa8030000 of 64 bytes failed: Запрос ReadProcessMemory или WriteProcessMemory был выполнен только частично. (0x12B)
[0628/200726.079:WARNING:pe_image_reader.cc(340)] could not read dos header from C:\WINDOWS\SYSTEM32\WINMM.dll
[0628/200726.079:ERROR:process_memory_win.cc(73)] ReadMemory at 0x7ffa94ac0000 of 64 bytes failed: Запрос ReadProcessMemory или WriteProcessMemory был выполнен только частично. (0x12B)
[0628/200726.079:WARNING:pe_image_reader.cc(340)] could not read dos header from C:\WINDOWS\SYSTEM32\Secur32.dll
[0628/200726.079:ERROR:process_memory_win.cc(73)] ReadMemory at 0x7ffaab270000 of 64 bytes failed: Запрос ReadProcessMemory или WriteProcessMemory был выполнен только частично. (0x12B)
[0628/200726.079:WARNING:pe_image_reader.cc(340)] could not read dos header from C:\WINDOWS\SYSTEM32\USERENV.dll
[0628/200726.079:ERROR:process_memory_win.cc(73)] ReadMemory at 0x7ffaab420000 of 64 bytes failed: Запрос ReadProcessMemory или WriteProcessMemory был выполнен только частично. (0x12B)
[0628/200726.079:WARNING:pe_image_reader.cc(340)] could not read dos header from C:\WINDOWS\System32\profapi.dll
[0628/200726.079:ERROR:process_memory_win.cc(73)] ReadMemory at 0x7ffa8b570000 of 64 bytes failed: Запрос ReadProcessMemory или WriteProcessMemory был выполнен только частично. (0x12B)
[0628/200726.079:WARNING:pe_image_reader.cc(340)] could not read dos header from C:\WINDOWS\SYSTEM32\UIAutomationCore.DLL
[0628/200726.079:ERROR:process_memory_win.cc(73)] ReadMemory at 0x7ffa9e3a0000 of 64 bytes failed: Запрос ReadProcessMemory или WriteProcessMemory был выполнен только частично. (0x12B)
[0628/200726.079:WARNING:pe_image_reader.cc(340)] could not read dos header from C:\WINDOWS\SYSTEM32\DWrite.dll
[0628/200726.079:ERROR:process_memory_win.cc(73)] ReadMemory at 0x7ffa9d5c0000 of 64 bytes failed: Запрос ReadProcessMemory или WriteProcessMemory был выполнен только частично. (0x12B)
[0628/200726.079:WARNING:pe_image_reader.cc(340)] could not read dos header from C:\WINDOWS\SYSTEM32\WINSPOOL.DRV
[0628/200726.079:ERROR:process_memory_win.cc(73)] ReadMemory at 0x7ffaab400000 of 64 bytes failed: Запрос ReadProcessMemory или WriteProcessMemory был выполнен только частично. (0x12B)
[0628/200726.079:WARNING:pe_image_reader.cc(340)] could not read dos header from C:\WINDOWS\System32\kernel.appcore.dll
[0628/200726.079:ERROR:process_memory_win.cc(73)] ReadMemory at 0x7ffaac2a0000 of 64 bytes failed: Запрос ReadProcessMemory или WriteProcessMemory был выполнен только частично. (0x12B)
[0628/200726.079:WARNING:pe_image_reader.cc(340)] could not read dos header from C:\WINDOWS\System32\bcrypt.dll
[0628/200726.079:ERROR:process_memory_win.cc(73)] ReadMemory at 0x7ffa99f20000 of 64 bytes failed: Запрос ReadProcessMemory или WriteProcessMemory был выполнен только частично. (0x12B)
[0628/200726.079:WARNING:pe_image_reader.cc(340)] could not read dos header from C:\WINDOWS\SYSTEM32\dbghelp.dll
[0628/200726.079:ERROR:process_memory_win.cc(73)] ReadMemory at 0x7ffa9d140000 of 64 bytes failed: Запрос ReadProcessMemory или WriteProcessMemory был выполнен только частично. (0x12B)
[0628/200726.079:WARNING:pe_image_reader.cc(340)] could not read dos header from C:\WINDOWS\SYSTEM32\WINHTTP.dll
[0628/200726.079:ERROR:process_memory_win.cc(73)] ReadMemory at 0x7ffaa1bd0000 of 64 bytes failed: Запрос ReadProcessMemory или WriteProcessMemory был выполнен только частично. (0x12B)
[0628/200726.079:WARNING:pe_image_reader.cc(340)] could not read dos header from C:\WINDOWS\SYSTEM32\dhcpcsvc.DLL
[0628/200726.079:ERROR:process_memory_win.cc(73)] ReadMemory at 0x7ffaac6b0000 of 64 bytes failed: Запрос ReadProcessMemory или WriteProcessMemory был выполнен только частично. (0x12B)
[0628/200726.079:WARNING:pe_image_reader.cc(340)] could not read dos header from C:\WINDOWS\System32\NSI.dll
[0628/200726.079:ERROR:process_memory_win.cc(73)] ReadMemory at 0x7ffaa8000000 of 64 bytes failed: Запрос ReadProcessMemory или WriteProcessMemory был выполнен только частично. (0x12B)
[0628/200726.079:WARNING:pe_image_reader.cc(340)] could not read dos header from C:\WINDOWS\SYSTEM32\WINMMBASE.dll
[0628/200726.083:ERROR:process_memory_win.cc(73)] ReadMemory at 0x7ffaab450000 of 64 bytes failed: Запрос ReadProcessMemory или WriteProcessMemory был выполнен только частично. (0x12B)
[0628/200726.083:WARNING:pe_image_reader.cc(340)] could not read dos header from C:\WINDOWS\System32\cfgmgr32.dll
[0628/200726.083:ERROR:process_memory_win.cc(73)] ReadMemory at 0x7ffaa7c70000 of 64 bytes failed: Запрос ReadProcessMemory или WriteProcessMemory был выполнен только частично. (0x12B)
[0628/200726.083:WARNING:pe_image_reader.cc(340)] could not read dos header from C:\WINDOWS\SYSTEM32\PROPSYS.dll
[0628/200726.083:ERROR:process_memory_win.cc(73)] ReadMemory at 0x218ac110000 of 64 bytes failed: Запрос ReadProcessMemory или WriteProcessMemory был выполнен только частично. (0x12B)
[0628/200726.083:WARNING:pe_image_reader.cc(340)] could not read dos header from C:\WINDOWS\System32\shcore.dll
[0628/200726.083:ERROR:process_memory_win.cc(73)] ReadMemory at 0x7ffaab2a0000 of 64 bytes failed: Запрос ReadProcessMemory или WriteProcessMemory был выполнен только частично. (0x12B)
[0628/200726.083:WARNING:pe_image_reader.cc(340)] could not read dos header from C:\WINDOWS\SYSTEM32\SSPICLI.DLL
[0628/200726.083:ERROR:process_memory_win.cc(73)] ReadMemory at 0x7ffaab1c0000 of 64 bytes failed: Запрос ReadProcessMemory или WriteProcessMemory был выполнен только частично. (0x12B)
[0628/200726.083:WARNING:pe_image_reader.cc(340)] could not read dos header from C:\WINDOWS\SYSTEM32\CRYPTBASE.DLL
[0628/200726.091:ERROR:process_memory_win.cc(73)] ReadMemory at 0x7ff7f14c0000 of 64 bytes failed: Запрос ReadProcessMemory или WriteProcessMemory был выполнен только частично. (0x12B)
[0628/200726.091:WARNING:pe_image_reader.cc(340)] could not read dos header from C:\Program Files (x86)\Google\Chrome\Application\chrome.exe
[0628/200726.091:ERROR:process_memory_win.cc(73)] ReadMemory at 0x7ffaae4c0000 of 64 bytes failed: Запрос ReadProcessMemory или WriteProcessMemory был выполнен только частично. (0x12B)
[0628/200726.091:WARNING:pe_image_reader.cc(340)] could not read dos header from C:\WINDOWS\SYSTEM32\ntdll.dll
[0628/200726.091:ERROR:process_memory_win.cc(73)] ReadMemory at 0x7ffaad0b0000 of 64 bytes failed: Запрос ReadProcessMemory или WriteProcessMemory был выполнен только частично. (0x12B)
[0628/200726.091:WARNING:pe_image_reader.cc(340)] could not read dos header from C:\WINDOWS\System32\KERNEL32.DLL
[0628/200726.091:ERROR:process_memory_win.cc(73)] ReadMemory at 0x7ffaab4a0000 of 64 bytes failed: Запрос ReadProcessMemory или WriteProcessMemory был выполнен только частично. (0x12B)
[0628/200726.091:WARNING:pe_image_reader.cc(340)] could not read dos header from C:\WINDOWS\System32\KERNELBASE.dll
[0628/200726.091:ERROR:process_memory_win.cc(73)] ReadMemory at 0x7ffa967c0000 of 64 bytes failed: Запрос ReadProcessMemory или WriteProcessMemory был выполнен только частично. (0x12B)
[0628/200726.091:WARNING:pe_image_reader.cc(340)] could not read dos header from C:\Program Files (x86)\Google\Chrome\Application\83.0.4103.116\chrome_elf.dll
[0628/200726.095:ERROR:process_memory_win.cc(73)] ReadMemory at 0x7ffaa3020000 of 64 bytes failed: Запрос ReadProcessMemory или WriteProcessMemory был выполнен только частично. (0x12B)
[0628/200726.095:WARNING:pe_image_reader.cc(340)] could not read dos header from C:\WINDOWS\SYSTEM32\VERSION.dll
[0628/200726.095:ERROR:process_memory_win.cc(73)] ReadMemory at 0x7ffaad8e0000 of 64 bytes failed: Запрос ReadProcessMemory или WriteProcessMemory был выполнен только частично. (0x12B)
[0628/200726.095:WARNING:pe_image_reader.cc(340)] could not read dos header from C:\WINDOWS\System32\msvcrt.dll
[0628/200726.095:ERROR:process_memory_win.cc(73)] ReadMemory at 0x7ffaac2f0000 of 64 bytes failed: Запрос ReadProcessMemory или WriteProcessMemory был выполнен только частично. (0x12B)
[0628/200726.095:WARNING:pe_image_reader.cc(340)] could not read dos header from C:\WINDOWS\System32\bcryptPrimitives.dll
[0628/200726.095:ERROR:process_memory_win.cc(73)] ReadMemory at 0x7ffaad7f0000 of 64 bytes failed: Запрос ReadProcessMemory или WriteProcessMemory был выполнен только частично. (0x12B)
[0628/200726.095:WARNING:pe_image_reader.cc(340)] could not read dos header from C:\WINDOWS\System32\ADVAPI32.dll
[0628/200726.095:ERROR:process_memory_win.cc(73)] ReadMemory at 0x7ffaad980000 of 64 bytes failed: Запрос ReadProcessMemory или WriteProcessMemory был выполнен только частично. (0x12B)
[0628/200726.095:WARNING:pe_image_reader.cc(340)] could not read dos header from C:\WINDOWS\System32\sechost.dll
[0628/200726.095:ERROR:process_memory_win.cc(73)] ReadMemory at 0x7ffaacbe0000 of 64 bytes failed: Запрос ReadProcessMemory или WriteProcessMemory был выполнен только частично. (0x12B)
[0628/200726.095:WARNING:pe_image_reader.cc(340)] could not read dos header from C:\WINDOWS\System32\RPCRT4.dll
[0628/200726.095:ERROR:process_memory_win.cc(73)] ReadMemory at 0x7ffa61b30000 of 64 bytes failed: Запрос ReadProcessMemory или WriteProcessMemory был выполнен только частично. (0x12B)
[0628/200726.095:WARNING:pe_image_reader.cc(340)] could not read dos header from C:\Program Files (x86)\Google\Chrome\Application\83.0.4103.116\chrome.dll
[0628/200726.095:ERROR:process_memory_win.cc(73)] ReadMemory at 0x7ffaae410000 of 64 bytes failed: Запрос ReadProcessMemory или WriteProcessMemory был выполнен только частично. (0x12B)
[0628/200726.095:WARNING:pe_image_reader.cc(340)] could not read dos header from C:\WINDOWS\System32\WS2_32.dll
[0628/200726.095:ERROR:process_memory_win.cc(73)] ReadMemory at 0x7ffaac6c0000 of 64 bytes failed: Запрос ReadProcessMemory или WriteProcessMemory был выполнен только частично. (0x12B)
[0628/200726.095:WARNING:pe_image_reader.cc(340)] could not read dos header from C:\WINDOWS\System32\OLEAUT32.dll
[0628/200726.095:ERROR:process_memory_win.cc(73)] ReadMemory at 0x7ffaac470000 of 64 bytes failed: Запрос ReadProcessMemory или WriteProcessMemory был выполнен только частично. (0x12B)
[0628/200726.095:WARNING:pe_image_reader.cc(340)] could not read dos header from C:\WINDOWS\System32\msvcp_win.dll
[0628/200726.095:ERROR:process_memory_win.cc(73)] ReadMemory at 0x7ffaac370000 of 64 bytes failed: Запрос ReadProcessMemory или WriteProcessMemory был выполнен только частично. (0x12B)
[0628/200726.095:WARNING:pe_image_reader.cc(340)] could not read dos header from C:\WINDOWS\System32\ucrtbase.dll
[0628/200726.095:ERROR:process_memory_win.cc(73)] ReadMemory at 0x7ffaac790000 of 64 bytes failed: Запрос ReadProcessMemory или WriteProcessMemory был выполнен только частично. (0x12B)
[0628/200726.095:WARNING:pe_image_reader.cc(340)] could not read dos header from C:\WINDOWS\System32\combase.dll
[0628/200726.095:ERROR:process_memory_win.cc(73)] ReadMemory at 0x7ffaac510000 of 64 bytes failed: Запрос ReadProcessMemory или WriteProcessMemory был выполнен только частично. (0x12B)
[0628/200726.095:WARNING:pe_image_reader.cc(340)] could not read dos header from C:\WINDOWS\System32\WINTRUST.dll
[0628/200726.095:ERROR:process_memory_win.cc(73)] ReadMemory at 0x7ffaab3e0000 of 64 bytes failed: Запрос ReadProcessMemory или WriteProcessMemory был выполнен только частично. (0x12B)
[0628/200726.095:WARNING:pe_image_reader.cc(340)] could not read dos header from C:\WINDOWS\System32\MSASN1.dll
[0628/200726.095:ERROR:process_memory_win.cc(73)] ReadMemory at 0x7ffaabed0000 of 64 bytes failed: Запрос ReadProcessMemory или WriteProcessMemory был выполнен только частично. (0x12B)
[0628/200726.095:WARNING:pe_image_reader.cc(340)] could not read dos header from C:\WINDOWS\System32\CRYPT32.dll
[0628/200726.095:ERROR:process_memory_win.cc(73)] ReadMemory at 0x7ffaaa8a0000 of 64 bytes failed: Запрос ReadProcessMemory или WriteProcessMemory был выполнен только частично. (0x12B)
[0628/200726.095:WARNING:pe_image_reader.cc(340)] could not read dos header from C:\WINDOWS\SYSTEM32\IPHLPAPI.DLL
[0628/200726.095:ERROR:process_memory_win.cc(73)] ReadMemory at 0x7ffaa8030000 of 64 bytes failed: Запрос ReadProcessMemory или WriteProcessMemory был выполнен только частично. (0x12B)
[0628/200726.095:WARNING:pe_image_reader.cc(340)] could not read dos header from C:\WINDOWS\SYSTEM32\WINMM.dll
[0628/200726.095:ERROR:process_memory_win.cc(73)] ReadMemory at 0x7ffa94ac0000 of 64 bytes failed: Запрос ReadProcessMemory или WriteProcessMemory был выполнен только частично. (0x12B)
[0628/200726.095:WARNING:pe_image_reader.cc(340)] could not read dos header from C:\WINDOWS\SYSTEM32\Secur32.dll
[0628/200726.095:ERROR:process_memory_win.cc(73)] ReadMemory at 0x7ffaab270000 of 64 bytes failed: Запрос ReadProcessMemory или WriteProcessMemory был выполнен только частично. (0x12B)
[0628/200726.095:WARNING:pe_image_reader.cc(340)] could not read dos header from C:\WINDOWS\SYSTEM32\USERENV.dll
[0628/200726.095:ERROR:process_memory_win.cc(73)] ReadMemory at 0x7ffaab420000 of 64 bytes failed: Запрос ReadProcessMemory или WriteProcessMemory был выполнен только частично. (0x12B)
[0628/200726.095:WARNING:pe_image_reader.cc(340)] could not read dos header from C:\WINDOWS\System32\profapi.dll
[0628/200726.095:ERROR:process_memory_win.cc(73)] ReadMemory at 0x7ffa8b570000 of 64 bytes failed: Запрос ReadProcessMemory или WriteProcessMemory был выполнен только частично. (0x12B)
[0628/200726.095:WARNING:pe_image_reader.cc(340)] could not read dos header from C:\WINDOWS\SYSTEM32\UIAutomationCore.DLL
[0628/200726.095:ERROR:process_memory_win.cc(73)] ReadMemory at 0x7ffa9e3a0000 of 64 bytes failed: Запрос ReadProcessMemory или WriteProcessMemory был выполнен только частично. (0x12B)
[0628/200726.095:WARNING:pe_image_reader.cc(340)] could not read dos header from C:\WINDOWS\SYSTEM32\DWrite.dll
[0628/200726.095:ERROR:process_memory_win.cc(73)] ReadMemory at 0x7ffa9d5c0000 of 64 bytes failed: Запрос ReadProcessMemory или WriteProcessMemory был выполнен только частично. (0x12B)
[0628/200726.095:WARNING:pe_image_reader.cc(340)] could not read dos header from C:\WINDOWS\SYSTEM32\WINSPOOL.DRV
[0628/200726.095:ERROR:process_memory_win.cc(73)] ReadMemory at 0x7ffaab400000 of 64 bytes failed: Запрос ReadProcessMemory или WriteProcessMemory был выполнен только частично. (0x12B)
[0628/200726.095:WARNING:pe_image_reader.cc(340)] could not read dos header from C:\WINDOWS\System32\kernel.appcore.dll
[0628/200726.095:ERROR:process_memory_win.cc(73)] ReadMemory at 0x7ffaac2a0000 of 64 bytes failed: Запрос ReadProcessMemory или WriteProcessMemory был выполнен только частично. (0x12B)
[0628/200726.099:WARNING:pe_image_reader.cc(340)] could not read dos header from C:\WINDOWS\System32\bcrypt.dll
[0628/200726.099:ERROR:process_memory_win.cc(73)] ReadMemory at 0x7ffa99f20000 of 64 bytes failed: Запрос ReadProcessMemory или WriteProcessMemory был выполнен только частично. (0x12B)
[0628/200726.099:WARNING:pe_image_reader.cc(340)] could not read dos header from C:\WINDOWS\SYSTEM32\dbghelp.dll
[0628/200726.099:ERROR:process_memory_win.cc(73)] ReadMemory at 0x7ffa9d140000 of 64 bytes failed: Запрос ReadProcessMemory или WriteProcessMemory был выполнен только частично. (0x12B)
[0628/200726.099:WARNING:pe_image_reader.cc(340)] could not read dos header from C:\WINDOWS\SYSTEM32\WINHTTP.dll
[0628/200726.099:ERROR:process_memory_win.cc(73)] ReadMemory at 0x7ffaa1bd0000 of 64 bytes failed: Запрос ReadProcessMemory или WriteProcessMemory был выполнен только частично. (0x12B)
[0628/200726.099:WARNING:pe_image_reader.cc(340)] could not read dos header from C:\WINDOWS\SYSTEM32\dhcpcsvc.DLL
[0628/200726.099:ERROR:process_memory_win.cc(73)] ReadMemory at 0x7ffaac6b0000 of 64 bytes failed: Запрос ReadProcessMemory или WriteProcessMemory был выполнен только частично. (0x12B)
[0628/200726.099:WARNING:pe_image_reader.cc(340)] could not read dos header from C:\WINDOWS\System32\NSI.dll
[0628/200726.099:ERROR:process_memory_win.cc(73)] ReadMemory at 0x7ffaa8000000 of 64 bytes failed: Запрос ReadProcessMemory или WriteProcessMemory был выполнен только частично. (0x12B)
[0628/200726.099:WARNING:pe_image_reader.cc(340)] could not read dos header from C:\WINDOWS\SYSTEM32\WINMMBASE.dll
[0628/200726.099:ERROR:process_memory_win.cc(73)] ReadMemory at 0x7ffaab450000 of 64 bytes failed: Запрос ReadProcessMemory или WriteProcessMemory был выполнен только частично. (0x12B)
[0628/200726.099:WARNING:pe_image_reader.cc(340)] could not read dos header from C:\WINDOWS\System32\cfgmgr32.dll
[0628/200726.099:ERROR:process_memory_win.cc(73)] ReadMemory at 0x7ffaa7c70000 of 64 bytes failed: Запрос ReadProcessMemory или WriteProcessMemory был выполнен только частично. (0x12B)
[0628/200726.099:WARNING:pe_image_reader.cc(340)] could not read dos header from C:\WINDOWS\SYSTEM32\PROPSYS.dll
[0628/200726.099:ERROR:process_memory_win.cc(73)] ReadMemory at 0x218ac110000 of 64 bytes failed: Запрос ReadProcessMemory или WriteProcessMemory был выполнен только частично. (0x12B)
[0628/200726.099:WARNING:pe_image_reader.cc(340)] could not read dos header from C:\WINDOWS\System32\shcore.dll
[0628/200726.099:ERROR:process_memory_win.cc(73)] ReadMemory at 0x7ffaab2a0000 of 64 bytes failed: Запрос ReadProcessMemory или WriteProcessMemory был выполнен только частично. (0x12B)
[0628/200726.099:WARNING:pe_image_reader.cc(340)] could not read dos header from C:\WINDOWS\SYSTEM32\SSPICLI.DLL
[0628/200726.099:ERROR:process_memory_win.cc(73)] ReadMemory at 0x7ffaab1c0000 of 64 bytes failed: Запрос ReadProcessMemory или WriteProcessMemory был выполнен только частично. (0x12B)
[0628/200726.099:WARNING:pe_image_reader.cc(340)] could not read dos header from C:\WINDOWS\SYSTEM32\CRYPTBASE.DLL
[0628/200726.099:ERROR:process_memory_win.cc(73)] ReadMemory at 0x7ff7f14c0000 of 64 bytes failed: Запрос ReadProcessMemory или WriteProcessMemory был выполнен только частично. (0x12B)
[0628/200726.099:WARNING:pe_image_reader.cc(340)] could not read dos header from C:\Program Files (x86)\Google\Chrome\Application\chrome.exe
[0628/200726.099:ERROR:process_memory_win.cc(73)] ReadMemory at 0x7ffaae4c0000 of 64 bytes failed: Запрос ReadProcessMemory или WriteProcessMemory был выполнен только частично. (0x12B)
[0628/200726.099:WARNING:pe_image_reader.cc(340)] could not read dos header from C:\WINDOWS\SYSTEM32\ntdll.dll
[0628/200726.099:ERROR:process_memory_win.cc(73)] ReadMemory at 0x7ffaad0b0000 of 64 bytes failed: Запрос ReadProcessMemory или WriteProcessMemory был выполнен только частично. (0x12B)
[0628/200726.099:WARNING:pe_image_reader.cc(340)] could not read dos header from C:\WINDOWS\System32\KERNEL32.DLL
[0628/200726.099:ERROR:process_memory_win.cc(73)] ReadMemory at 0x7ffaab4a0000 of 64 bytes failed: Запрос ReadProcessMemory или WriteProcessMemory был выполнен только частично. (0x12B)
[0628/200726.099:WARNING:pe_image_reader.cc(340)] could not read dos header from C:\WINDOWS\System32\KERNELBASE.dll
[0628/200726.099:ERROR:process_memory_win.cc(73)] ReadMemory at 0x7ffa967c0000 of 64 bytes failed: Запрос ReadProcessMemory или WriteProcessMemory был выполнен только частично. (0x12B)
[0628/200726.099:WARNING:pe_image_reader.cc(340)] could not read dos header from C:\Program Files (x86)\Google\Chrome\Application\83.0.4103.116\chrome_elf.dll
[0628/200726.099:ERROR:process_memory_win.cc(73)] ReadMemory at 0x7ffaa3020000 of 64 bytes failed: Запрос ReadProcessMemory или WriteProcessMemory был выполнен только частично. (0x12B)
[0628/200726.099:WARNING:pe_image_reader.cc(340)] could not read dos header from C:\WINDOWS\SYSTEM32\VERSION.dll
[0628/200726.099:ERROR:process_memory_win.cc(73)] ReadMemory at 0x7ffaad8e0000 of 64 bytes failed: Запрос ReadProcessMemory или WriteProcessMemory был выполнен только частично. (0x12B)
[0628/200726.099:WARNING:pe_image_reader.cc(340)] could not read dos header from C:\WINDOWS\System32\msvcrt.dll
[0628/200726.099:ERROR:process_memory_win.cc(73)] ReadMemory at 0x7ffaac2f0000 of 64 bytes failed: Запрос ReadProcessMemory или WriteProcessMemory был выполнен только частично. (0x12B)
[0628/200726.099:WARNING:pe_image_reader.cc(340)] could not read dos header from C:\WINDOWS\System32\bcryptPrimitives.dll
[0628/200726.099:ERROR:process_memory_win.cc(73)] ReadMemory at 0x7ffaad7f0000 of 64 bytes failed: Запрос ReadProcessMemory или WriteProcessMemory был выполнен только частично. (0x12B)
[0628/200726.099:WARNING:pe_image_reader.cc(340)] could not read dos header from C:\WINDOWS\System32\ADVAPI32.dll
[0628/200726.099:ERROR:process_memory_win.cc(73)] ReadMemory at 0x7ffaad980000 of 64 bytes failed: Запрос ReadProcessMemory или WriteProcessMemory был выполнен только частично. (0x12B)
[0628/200726.099:WARNING:pe_image_reader.cc(340)] could not read dos header from C:\WINDOWS\System32\sechost.dll
[0628/200726.099:ERROR:process_memory_win.cc(73)] ReadMemory at 0x7ffaacbe0000 of 64 bytes failed: Запрос ReadProcessMemory или WriteProcessMemory был выполнен только частично. (0x12B)
[0628/200726.099:WARNING:pe_image_reader.cc(340)] could not read dos header from C:\WINDOWS\System32\RPCRT4.dll
[0628/200726.099:ERROR:process_memory_win.cc(73)] ReadMemory at 0x7ffa61b30000 of 64 bytes failed: Запрос ReadProcessMemory или WriteProcessMemory был выполнен только частично. (0x12B)
[0628/200726.103:WARNING:pe_image_reader.cc(340)] could not read dos header from C:\Program Files (x86)\Google\Chrome\Application\83.0.4103.116\chrome.dll
[0628/200726.103:ERROR:process_memory_win.cc(73)] ReadMemory at 0x7ffaae410000 of 64 bytes failed: Запрос ReadProcessMemory или WriteProcessMemory был выполнен только частично. (0x12B)
[0628/200726.103:WARNING:pe_image_reader.cc(340)] could not read dos header from C:\WINDOWS\System32\WS2_32.dll
[0628/200726.103:ERROR:process_memory_win.cc(73)] ReadMemory at 0x7ffaac6c0000 of 64 bytes failed: Запрос ReadProcessMemory или WriteProcessMemory был выполнен только частично. (0x12B)
[0628/200726.103:WARNING:pe_image_reader.cc(340)] could not read dos header from C:\WINDOWS\System32\OLEAUT32.dll
[0628/200726.103:ERROR:process_memory_win.cc(73)] ReadMemory at 0x7ffaac470000 of 64 bytes failed: Запрос ReadProcessMemory или WriteProcessMemory был выполнен только частично. (0x12B)
[0628/200726.103:WARNING:pe_image_reader.cc(340)] could not read dos header from C:\WINDOWS\System32\msvcp_win.dll
[0628/200726.103:ERROR:process_memory_win.cc(73)] ReadMemory at 0x7ffaac370000 of 64 bytes failed: Запрос ReadProcessMemory или WriteProcessMemory был выполнен только частично. (0x12B)
[0628/200726.103:WARNING:pe_image_reader.cc(340)] could not read dos header from C:\WINDOWS\System32\ucrtbase.dll
[0628/200726.103:ERROR:process_memory_win.cc(73)] ReadMemory at 0x7ffaac790000 of 64 bytes failed: Запрос ReadProcessMemory или WriteProcessMemory был выполнен только частично. (0x12B)
[0628/200726.103:WARNING:pe_image_reader.cc(340)] could not read dos header from C:\WINDOWS\System32\combase.dll
[0628/200726.103:ERROR:process_memory_win.cc(73)] ReadMemory at 0x7ffaac510000 of 64 bytes failed: Запрос ReadProcessMemory или WriteProcessMemory был выполнен только частично. (0x12B)
[0628/200726.103:WARNING:pe_image_reader.cc(340)] could not read dos header from C:\WINDOWS\System32\WINTRUST.dll
[0628/200726.103:ERROR:process_memory_win.cc(73)] ReadMemory at 0x7ffaab3e0000 of 64 bytes failed: Запрос ReadProcessMemory или WriteProcessMemory был выполнен только частично. (0x12B)
[0628/200726.103:WARNING:pe_image_reader.cc(340)] could not read dos header from C:\WINDOWS\System32\MSASN1.dll
[0628/200726.103:ERROR:process_memory_win.cc(73)] ReadMemory at 0x7ffaabed0000 of 64 bytes failed: Запрос ReadProcessMemory или WriteProcessMemory был выполнен только частично. (0x12B)
[0628/200726.103:WARNING:pe_image_reader.cc(340)] could not read dos header from C:\WINDOWS\System32\CRYPT32.dll
[0628/200726.103:ERROR:process_memory_win.cc(73)] ReadMemory at 0x7ffaaa8a0000 of 64 bytes failed: Запрос ReadProcessMemory или WriteProcessMemory был выполнен только частично. (0x12B)
[0628/200726.103:WARNING:pe_image_reader.cc(340)] could not read dos header from C:\WINDOWS\SYSTEM32\IPHLPAPI.DLL
[0628/200726.103:ERROR:process_memory_win.cc(73)] ReadMemory at 0x7ffaa8030000 of 64 bytes failed: Запрос ReadProcessMemory или WriteProcessMemory был выполнен только частично. (0x12B)
[0628/200726.103:WARNING:pe_image_reader.cc(340)] could not read dos header from C:\WINDOWS\SYSTEM32\WINMM.dll
[0628/200726.103:ERROR:process_memory_win.cc(73)] ReadMemory at 0x7ffa94ac0000 of 64 bytes failed: Запрос ReadProcessMemory или WriteProcessMemory был выполнен только частично. (0x12B)
[0628/200726.103:WARNING:pe_image_reader.cc(340)] could not read dos header from C:\WINDOWS\SYSTEM32\Secur32.dll
[0628/200726.103:ERROR:process_memory_win.cc(73)] ReadMemory at 0x7ffaab270000 of 64 bytes failed: Запрос ReadProcessMemory или WriteProcessMemory был выполнен только частично. (0x12B)
[0628/200726.103:WARNING:pe_image_reader.cc(340)] could not read dos header from C:\WINDOWS\SYSTEM32\USERENV.dll
[0628/200726.103:ERROR:process_memory_win.cc(73)] ReadMemory at 0x7ffaab420000 of 64 bytes failed: Запрос ReadProcessMemory или WriteProcessMemory был выполнен только частично. (0x12B)
[0628/200726.103:WARNING:pe_image_reader.cc(340)] could not read dos header from C:\WINDOWS\System32\profapi.dll
[0628/200726.103:ERROR:process_memory_win.cc(73)] ReadMemory at 0x7ffa8b570000 of 64 bytes failed: Запрос ReadProcessMemory или WriteProcessMemory был выполнен только частично. (0x12B)
[0628/200726.103:WARNING:pe_image_reader.cc(340)] could not read dos header from C:\WINDOWS\SYSTEM32\UIAutomationCore.DLL
[0628/200726.103:ERROR:process_memory_win.cc(73)] ReadMemory at 0x7ffa9e3a0000 of 64 bytes failed: Запрос ReadProcessMemory или WriteProcessMemory был выполнен только частично. (0x12B)
[0628/200726.103:WARNING:pe_image_reader.cc(340)] could not read dos header from C:\WINDOWS\SYSTEM32\DWrite.dll
[0628/200726.103:ERROR:process_memory_win.cc(73)] ReadMemory at 0x7ffa9d5c0000 of 64 bytes failed: Запрос ReadProcessMemory или WriteProcessMemory был выполнен только частично. (0x12B)
[0628/200726.103:WARNING:pe_image_reader.cc(340)] could not read dos header from C:\WINDOWS\SYSTEM32\WINSPOOL.DRV
[0628/200726.103:ERROR:process_memory_win.cc(73)] ReadMemory at 0x7ffaab400000 of 64 bytes failed: Запрос ReadProcessMemory или WriteProcessMemory был выполнен только частично. (0x12B)
[0628/200726.103:WARNING:pe_image_reader.cc(340)] could not read dos header from C:\WINDOWS\System32\kernel.appcore.dll
[0628/200726.103:ERROR:process_memory_win.cc(73)] ReadMemory at 0x7ffaac2a0000 of 64 bytes failed: Запрос ReadProcessMemory или WriteProcessMemory был выполнен только частично. (0x12B)
[0628/200726.103:WARNING:pe_image_reader.cc(340)] could not read dos header from C:\WINDOWS\System32\bcrypt.dll
[0628/200726.103:ERROR:process_memory_win.cc(73)] ReadMemory at 0x7ffa99f20000 of 64 bytes failed: Запрос ReadProcessMemory или WriteProcessMemory был выполнен только частично. (0x12B)
[0628/200726.103:WARNING:pe_image_reader.cc(340)] could not read dos header from C:\WINDOWS\SYSTEM32\dbghelp.dll
[0628/200726.103:ERROR:process_memory_win.cc(73)] ReadMemory at 0x7ffa9d140000 of 64 bytes failed: Запрос ReadProcessMemory или WriteProcessMemory был выполнен только частично. (0x12B)
[0628/200726.107:WARNING:pe_image_reader.cc(340)] could not read dos header from C:\WINDOWS\SYSTEM32\WINHTTP.dll
[0628/200726.107:ERROR:process_memory_win.cc(73)] ReadMemory at 0x7ffaa1bd0000 of 64 bytes failed: Запрос ReadProcessMemory или WriteProcessMemory был выполнен только частично. (0x12B)
[0628/200726.107:WARNING:pe_image_reader.cc(340)] could not read dos header from C:\WINDOWS\SYSTEM32\dhcpcsvc.DLL
[0628/200726.107:ERROR:process_memory_win.cc(73)] ReadMemory at 0x7ffaac6b0000 of 64 bytes failed: Запрос ReadProcessMemory или WriteProcessMemory был выполнен только частично. (0x12B)
[0628/200726.107:WARNING:pe_image_reader.cc(340)] could not read dos header from C:\WINDOWS\System32\NSI.dll
[0628/200726.107:ERROR:process_memory_win.cc(73)] ReadMemory at 0x7ffaa8000000 of 64 bytes failed: Запрос ReadProcessMemory или WriteProcessMemory был выполнен только частично. (0x12B)
[0628/200726.107:WARNING:pe_image_reader.cc(340)] could not read dos header from C:\WINDOWS\SYSTEM32\WINMMBASE.dll
[0628/200726.107:ERROR:process_memory_win.cc(73)] ReadMemory at 0x7ffaab450000 of 64 bytes failed: Запрос ReadProcessMemory или WriteProcessMemory был выполнен только частично. (0x12B)
[0628/200726.107:WARNING:pe_image_reader.cc(340)] could not read dos header from C:\WINDOWS\System32\cfgmgr32.dll
[0628/200726.107:ERROR:process_memory_win.cc(73)] ReadMemory at 0x7ffaa7c70000 of 64 bytes failed: Запрос ReadProcessMemory или WriteProcessMemory был выполнен только частично. (0x12B)
[0628/200726.107:WARNING:pe_image_reader.cc(340)] could not read dos header from C:\WINDOWS\SYSTEM32\PROPSYS.dll
[0628/200726.107:ERROR:process_memory_win.cc(73)] ReadMemory at 0x218ac110000 of 64 bytes failed: Запрос ReadProcessMemory или WriteProcessMemory был выполнен только частично. (0x12B)
[0628/200726.107:WARNING:pe_image_reader.cc(340)] could not read dos header from C:\WINDOWS\System32\shcore.dll
[0628/200726.107:ERROR:process_memory_win.cc(73)] ReadMemory at 0x7ffaab2a0000 of 64 bytes failed: Запрос ReadProcessMemory или WriteProcessMemory был выполнен только частично. (0x12B)
[0628/200726.107:WARNING:pe_image_reader.cc(340)] could not read dos header from C:\WINDOWS\SYSTEM32\SSPICLI.DLL
[0628/200726.107:ERROR:process_memory_win.cc(73)] ReadMemory at 0x7ffaab1c0000 of 64 bytes failed: Запрос ReadProcessMemory или WriteProcessMemory был выполнен только частично. (0x12B)
[0628/200726.107:WARNING:pe_image_reader.cc(340)] could not read dos header from C:\WINDOWS\SYSTEM32\CRYPTBASE.DLL
[0628/200726.135:ERROR:process_memory_win.cc(73)] ReadMemory at 0x24525f4000 of 49152 bytes failed: Запрос ReadProcessMemory или WriteProcessMemory был выполнен только частично. (0x12B)
[0628/200726.135:ERROR:process_memory_win.cc(73)] ReadMemory at 0x2452dfd000 of 12288 bytes failed: Запрос ReadProcessMemory или WriteProcessMemory был выполнен только частично. (0x12B)
[0628/200726.135:ERROR:process_memory_win.cc(73)] ReadMemory at 0x24535f9000 of 28672 bytes failed: Запрос ReadProcessMemory или WriteProcessMemory был выполнен только частично. (0x12B)
[0628/200726.135:ERROR:process_memory_win.cc(73)] ReadMemory at 0x2453dfd000 of 12288 bytes failed: Запрос ReadProcessMemory или WriteProcessMemory был выполнен только частично. (0x12B)
[0628/200726.139:ERROR:process_memory_win.cc(73)] ReadMemory at 0x24545fb000 of 20480 bytes failed: Запрос ReadProcessMemory или WriteProcessMemory был выполнен только частично. (0x12B)
[0628/200726.139:ERROR:process_memory_win.cc(73)] ReadMemory at 0x2454dfe000 of 8192 bytes failed: Запрос ReadProcessMemory или WriteProcessMemory был выполнен только частично. (0x12B)
[0628/200726.139:ERROR:process_memory_win.cc(73)] ReadMemory at 0x24555fd000 of 12288 bytes failed: Запрос ReadProcessMemory или WriteProcessMemory был выполнен только частично. (0x12B)
[0628/200726.139:ERROR:process_memory_win.cc(73)] ReadMemory at 0x2455dfb000 of 20480 bytes failed: Запрос ReadProcessMemory или WriteProcessMemory был выполнен только частично. (0x12B)
[0628/200726.139:ERROR:process_memory_win.cc(73)] ReadMemory at 0x24565fd000 of 12288 bytes failed: Запрос ReadProcessMemory или WriteProcessMemory был выполнен только частично. (0x12B)
[0628/200726.139:ERROR:process_memory_win.cc(73)] ReadMemory at 0x2456dfd000 of 12288 bytes failed: Запрос ReadProcessMemory или WriteProcessMemory был выполнен только частично. (0x12B)
[0628/200726.139:ERROR:process_memory_win.cc(73)] ReadMemory at 0x24575fd000 of 12288 bytes failed: Запрос ReadProcessMemory или WriteProcessMemory был выполнен только частично. (0x12B)
[0628/200726.139:ERROR:process_memory_win.cc(73)] ReadMemory at 0x2457dfd000 of 12288 bytes failed: Запрос ReadProcessMemory или WriteProcessMemory был выполнен только частично. (0x12B)
[0628/200726.139:ERROR:process_memory_win.cc(73)] ReadMemory at 0x24585fd000 of 12288 bytes failed: Запрос ReadProcessMemory или WriteProcessMemory был выполнен только частично. (0x12B)
[0628/200726.139:ERROR:process_memory_win.cc(73)] ReadMemory at 0x2458df6000 of 40960 bytes failed: Запрос ReadProcessMemory или WriteProcessMemory был выполнен только частично. (0x12B)
[0628/200726.139:ERROR:process_memory_win.cc(73)] ReadMemory at 0x24595fd000 of 12288 bytes failed: Запрос ReadProcessMemory или WriteProcessMemory был выполнен только частично. (0x12B)
[0628/200726.139:ERROR:process_memory_win.cc(73)] ReadMemory at 0x2459dfd000 of 12288 bytes failed: Запрос ReadProcessMemory или WriteProcessMemory был выполнен только частично. (0x12B)
[0628/200726.139:ERROR:process_memory_win.cc(73)] ReadMemory at 0x2451c2d000 of 852 bytes failed: Запрос ReadProcessMemory или WriteProcessMemory был выполнен только частично. (0x12B)
[0628/200726.139:ERROR:process_memory_win.cc(73)] ReadMemory at 0x2451c2e000 of 6024 bytes failed: Запрос ReadProcessMemory или WriteProcessMemory был выполнен только частично. (0x12B)
[0628/200726.139:ERROR:process_memory_win.cc(73)] ReadMemory at 0x2451c30000 of 6024 bytes failed: Запрос ReadProcessMemory или WriteProcessMemory был выполнен только частично. (0x12B)
[0628/200726.139:ERROR:process_memory_win.cc(73)] ReadMemory at 0x2451c32000 of 6024 bytes failed: Запрос ReadProcessMemory или WriteProcessMemory был выполнен только частично. (0x12B)
[0628/200726.139:ERROR:process_memory_win.cc(73)] ReadMemory at 0x2451c34000 of 6024 bytes failed: Запрос ReadProcessMemory или WriteProcessMemory был выполнен только частично. (0x12B)
[0628/200726.139:ERROR:process_memory_win.cc(73)] ReadMemory at 0x2451c36000 of 6024 bytes failed: Запрос ReadProcessMemory или WriteProcessMemory был выполнен только частично. (0x12B)
[0628/200726.143:ERROR:process_memory_win.cc(73)] ReadMemory at 0x2451c38000 of 6024 bytes failed: Запрос ReadProcessMemory или WriteProcessMemory был выполнен только частично. (0x12B)
[0628/200726.143:ERROR:process_memory_win.cc(73)] ReadMemory at 0x2451c3a000 of 6024 bytes failed: Запрос ReadProcessMemory или WriteProcessMemory был выполнен только частично. (0x12B)
[0628/200726.143:ERROR:process_memory_win.cc(73)] ReadMemory at 0x2451c3c000 of 6024 bytes failed: Запрос ReadProcessMemory или WriteProcessMemory был выполнен только частично. (0x12B)
[0628/200726.143:ERROR:process_memory_win.cc(73)] ReadMemory at 0x2451c3e000 of 6024 bytes failed: Запрос ReadProcessMemory или WriteProcessMemory был выполнен только частично. (0x12B)
[0628/200726.143:ERROR:process_memory_win.cc(73)] ReadMemory at 0x2451c40000 of 6024 bytes failed: Запрос ReadProcessMemory или WriteProcessMemory был выполнен только частично. (0x12B)
[0628/200726.143:ERROR:process_memory_win.cc(73)] ReadMemory at 0x2451c42000 of 6024 bytes failed: Запрос ReadProcessMemory или WriteProcessMemory был выполнен только частично. (0x12B)
[0628/200726.143:ERROR:process_memory_win.cc(73)] ReadMemory at 0x2451c44000 of 6024 bytes failed: Запрос ReadProcessMemory или WriteProcessMemory был выполнен только частично. (0x12B)
[0628/200726.143:ERROR:process_memory_win.cc(73)] ReadMemory at 0x2451c46000 of 6024 bytes failed: Запрос ReadProcessMemory или WriteProcessMemory был выполнен только частично. (0x12B)
[0628/200726.143:ERROR:process_memory_win.cc(73)] ReadMemory at 0x2451c48000 of 6024 bytes failed: Запрос ReadProcessMemory или WriteProcessMemory был выполнен только частично. (0x12B)
[0628/200726.143:ERROR:process_memory_win.cc(73)] ReadMemory at 0x2451c4a000 of 6024 bytes failed: Запрос ReadProcessMemory или WriteProcessMemory был выполнен только частично. (0x12B)
[0628/200726.143:ERROR:process_memory_win.cc(73)] ReadMemory at 0x2451c4c000 of 6024 bytes failed: Запрос ReadProcessMemory или WriteProcessMemory был выполнен только частично. (0x12B)
[0628/200726.143:ERROR:process_memory_win.cc(73)] ReadMemory at 0x218ab9e0fe0 of 17276 bytes failed: Запрос ReadProcessMemory или WriteProcessMemory был выполнен только частично. (0x12B)
[0628/200726.143:ERROR:process_memory_win.cc(73)] ReadMemory at 0x218ab9e5370 of 1012 bytes failed: Запрос ReadProcessMemory или WriteProcessMemory был выполнен только частично. (0x12B)
[0628/200726.143:ERROR:process_memory_win.cc(73)] ReadMemory at 0x218ab9e59b8 of 118 bytes failed: Запрос ReadProcessMemory или WriteProcessMemory был выполнен только частично. (0x12B)
[0628/200726.143:ERROR:process_memory_win.cc(73)] ReadMemory at 0x218ab9e5a30 of 750 bytes failed: Запрос ReadProcessMemory или WriteProcessMemory был выполнен только частично. (0x12B)
[0628/200726.143:ERROR:process_memory_win.cc(73)] ReadMemory at 0x218ab9e5d20 of 118 bytes failed: Запрос ReadProcessMemory или WriteProcessMemory был выполнен только частично. (0x12B)
[0628/200726.143:ERROR:process_memory_win.cc(73)] ReadMemory at 0x218ab9e5d98 of 100 bytes failed: Запрос ReadProcessMemory или WriteProcessMemory был выполнен только частично. (0x12B)
[0628/200726.143:ERROR:process_memory_win.cc(73)] ReadMemory at 0x218ab9e5e10 of 58 bytes failed: Запрос ReadProcessMemory или WriteProcessMemory был выполнен только частично. (0x12B)
[0628/200726.143:ERROR:process_memory_win.cc(73)] ReadMemory at 0x218ab9e5f10 of 132 bytes failed: Запрос ReadProcessMemory или WriteProcessMemory был выполнен только частично. (0x12B)
[0628/200726.147:ERROR:process_memory_win.cc(73)] ReadMemory at 0x218ab9e60a0 of 132 bytes failed: Запрос ReadProcessMemory или WriteProcessMemory был выполнен только частично. (0x12B)
[0628/200726.147:ERROR:process_memory_win.cc(73)] ReadMemory at 0x218ab9e6260 of 126 bytes failed: Запрос ReadProcessMemory или WriteProcessMemory был выполнен только частично. (0x12B)
[0628/200726.147:ERROR:process_memory_win.cc(73)] ReadMemory at 0x218ab9e6640 of 132 bytes failed: Запрос ReadProcessMemory или WriteProcessMemory был выполнен только частично. (0x12B)
[0628/200726.147:ERROR:process_memory_win.cc(73)] ReadMemory at 0x218ab9e67d0 of 64 bytes failed: Запрос ReadProcessMemory или WriteProcessMemory был выполнен только частично. (0x12B)
[0628/200726.147:ERROR:process_memory_win.cc(73)] ReadMemory at 0x218ab9e6820 of 132 bytes failed: Запрос ReadProcessMemory или WriteProcessMemory был выполнен только частично. (0x12B)
[0628/200726.147:ERROR:process_memory_win.cc(73)] ReadMemory at 0x218ab9e6950 of 146 bytes failed: Запрос ReadProcessMemory или WriteProcessMemory был выполнен только частично. (0x12B)
[0628/200726.147:ERROR:process_memory_win.cc(73)] ReadMemory at 0x218ab9e6c30 of 132 bytes failed: Запрос ReadProcessMemory или WriteProcessMemory был выполнен только частично. (0x12B)
[0628/200726.147:ERROR:process_memory_win.cc(73)] ReadMemory at 0x218ab9e6dc0 of 68 bytes failed: Запрос ReadProcessMemory или WriteProcessMemory был выполнен только частично. (0x12B)
[0628/200726.147:ERROR:process_memory_win.cc(73)] ReadMemory at 0x218ab9e7da0 of 132 bytes failed: Запрос ReadProcessMemory или WriteProcessMemory был выполнен только частично. (0x12B)
[0628/200726.147:ERROR:process_memory_win.cc(73)] ReadMemory at 0x218ab9e7f10 of 132 bytes failed: Запрос ReadProcessMemory или WriteProcessMemory был выполнен только частично. (0x12B)
[0628/200726.147:ERROR:process_memory_win.cc(73)] ReadMemory at 0x218ab9e8040 of 154 bytes failed: Запрос ReadProcessMemory или WriteProcessMemory был выполнен только частично. (0x12B)
[0628/200726.147:ERROR:process_memory_win.cc(73)] ReadMemory at 0x218ab9e8f30 of 62 bytes failed: Запрос ReadProcessMemory или WriteProcessMemory был выполнен только частично. (0x12B)
[0628/200726.147:ERROR:process_memory_win.cc(73)] ReadMemory at 0x218ab9e9060 of 132 bytes failed: Запрос ReadProcessMemory или WriteProcessMemory был выполнен только частично. (0x12B)
[0628/200726.147:ERROR:process_memory_win.cc(73)] ReadMemory at 0x218ab9e91f0 of 60 bytes failed: Запрос ReadProcessMemory или WriteProcessMemory был выполнен только частично. (0x12B)
[0628/200726.147:ERROR:process_memory_win.cc(73)] ReadMemory at 0x218ab9e9a2c of 512 bytes failed: Запрос ReadProcessMemory или WriteProcessMemory был выполнен только частично. (0x12B)
[0628/200726.147:ERROR:process_memory_win.cc(73)] ReadMemory at 0x218ab9eaa10 of 132 bytes failed: Запрос ReadProcessMemory или WriteProcessMemory был выполнен только частично. (0x12B)
[0628/200726.151:ERROR:process_memory_win.cc(73)] ReadMemory at 0x218ab9eab40 of 132 bytes failed: Запрос ReadProcessMemory или WriteProcessMemory был выполнен только частично. (0x12B)
[0628/200726.151:ERROR:process_memory_win.cc(73)] ReadMemory at 0x218ab9ed370 of 132 bytes failed: Запрос ReadProcessMemory или WriteProcessMemory был выполнен только частично. (0x12B)
[0628/200726.151:ERROR:process_memory_win.cc(73)] ReadMemory at 0x218ab9ed590 of 132 bytes failed: Запрос ReadProcessMemory или WriteProcessMemory был выполнен только частично. (0x12B)
[0628/200726.151:ERROR:process_memory_win.cc(73)] ReadMemory at 0x218ab9ed760 of 62 bytes failed: Запрос ReadProcessMemory или WriteProcessMemory был выполнен только частично. (0x12B)
[0628/200726.155:ERROR:process_memory_win.cc(73)] ReadMemory at 0x218ab9ed7b0 of 64 bytes failed: Запрос ReadProcessMemory или WriteProcessMemory был выполнен только частично. (0x12B)
[0628/200726.155:ERROR:process_memory_win.cc(73)] ReadMemory at 0x218ab9ed850 of 64 bytes failed: Запрос ReadProcessMemory или WriteProcessMemory был выполнен только частично. (0x12B)
[0628/200726.155:ERROR:process_memory_win.cc(73)] ReadMemory at 0x218ab9ed8f0 of 60 bytes failed: Запрос ReadProcessMemory или WriteProcessMemory был выполнен только частично. (0x12B)
[0628/200726.155:ERROR:process_memory_win.cc(73)] ReadMemory at 0x218ab9ed990 of 62 bytes failed: Запрос ReadProcessMemory или WriteProcessMemory был выполнен только частично. (0x12B)
[0628/200726.155:ERROR:process_memory_win.cc(73)] ReadMemory at 0x218ab9ed9e0 of 60 bytes failed: Запрос ReadProcessMemory или WriteProcessMemory был выполнен только частично. (0x12B)
[0628/200726.155:ERROR:process_memory_win.cc(73)] ReadMemory at 0x218ab9edd50 of 64 bytes failed: Запрос ReadProcessMemory или WriteProcessMemory был выполнен только частично. (0x12B)
[0628/200726.155:ERROR:process_memory_win.cc(73)] ReadMemory at 0x218ab9edda0 of 66 bytes failed: Запрос ReadProcessMemory или WriteProcessMemory был выполнен только частично. (0x12B)
[0628/200726.155:ERROR:process_memory_win.cc(73)] ReadMemory at 0x218ab9ede90 of 64 bytes failed: Запрос ReadProcessMemory или WriteProcessMemory был выполнен только частично. (0x12B)
[0628/200726.155:ERROR:process_memory_win.cc(73)] ReadMemory at 0x218ab9ee320 of 132 bytes failed: Запрос ReadProcessMemory или WriteProcessMemory был выполнен только частично. (0x12B)
[0628/200726.155:ERROR:process_memory_win.cc(73)] ReadMemory at 0x218ab9ee550 of 132 bytes failed: Запрос ReadProcessMemory или WriteProcessMemory был выполнен только частично. (0x12B)
[0628/200726.155:ERROR:process_memory_win.cc(73)] ReadMemory at 0x218ab9ee6e0 of 80 bytes failed: Запрос ReadProcessMemory или WriteProcessMemory был выполнен только частично. (0x12B)
[0628/200726.155:ERROR:process_memory_win.cc(73)] ReadMemory at 0x218ab9ef390 of 80 bytes failed: Запрос ReadProcessMemory или WriteProcessMemory был выполнен только частично. (0x12B)
[0628/200726.155:ERROR:process_memory_win.cc(73)] ReadMemory at 0x218ab9ef3f0 of 76 bytes failed: Запрос ReadProcessMemory или WriteProcessMemory был выполнен только частично. (0x12B)
[0628/200726.155:ERROR:process_memory_win.cc(73)] ReadMemory at 0x218ab9f0e20 of 132 bytes failed: Запрос ReadProcessMemory или WriteProcessMemory был выполнен только частично. (0x12B)
[0628/200726.155:ERROR:process_memory_win.cc(73)] ReadMemory at 0x218ab9f2e90 of 54 bytes failed: Запрос ReadProcessMemory или WriteProcessMemory был выполнен только частично. (0x12B)
[0628/200726.155:ERROR:process_memory_win.cc(73)] ReadMemory at 0x218ab9f57b0 of 132 bytes failed: Запрос ReadProcessMemory или WriteProcessMemory был выполнен только частично. (0x12B)
[0628/200726.155:ERROR:process_memory_win.cc(73)] ReadMemory at 0x218ab9f58e0 of 132 bytes failed: Запрос ReadProcessMemory или WriteProcessMemory был выполнен только частично. (0x12B)
[0628/200726.155:ERROR:process_memory_win.cc(73)] ReadMemory at 0x218ab9f5a10 of 132 bytes failed: Запрос ReadProcessMemory или WriteProcessMemory был выполнен только частично. (0x12B)
[0628/200726.155:ERROR:process_memory_win.cc(73)] ReadMemory at 0x218ab9f5c70 of 132 bytes failed: Запрос ReadProcessMemory или WriteProcessMemory был выполнен только частично. (0x12B)
[0628/200726.155:ERROR:process_memory_win.cc(73)] ReadMemory at 0x218ab9f5da0 of 132 bytes failed: Запрос ReadProcessMemory или WriteProcessMemory был выполнен только частично. (0x12B)
[0628/200726.155:ERROR:process_memory_win.cc(73)] ReadMemory at 0x218ab9f5ed0 of 132 bytes failed: Запрос ReadProcessMemory или WriteProcessMemory был выполнен только частично. (0x12B)
[0628/200726.155:ERROR:process_memory_win.cc(73)] ReadMemory at 0x218ab9f6000 of 132 bytes failed: Запрос ReadProcessMemory или WriteProcessMemory был выполнен только частично. (0x12B)
[0628/200726.155:ERROR:process_memory_win.cc(73)] ReadMemory at 0x218ab9f6130 of 132 bytes failed: Запрос ReadProcessMemory или WriteProcessMemory был выполнен только частично. (0x12B)
[0628/200726.155:ERROR:process_memory_win.cc(73)] ReadMemory at 0x218ab9f6260 of 132 bytes failed: Запрос ReadProcessMemory или WriteProcessMemory был выполнен только частично. (0x12B)
[0628/200726.159:ERROR:process_memory_win.cc(73)] ReadMemory at 0x218ab9f6390 of 132 bytes failed: Запрос ReadProcessMemory или WriteProcessMemory был выполнен только частично. (0x12B)
[0628/200726.159:ERROR:process_memory_win.cc(73)] ReadMemory at 0x218ab9f64c0 of 132 bytes failed: Запрос ReadProcessMemory или WriteProcessMemory был выполнен только частично. (0x12B)
[0628/200726.159:ERROR:process_memory_win.cc(73)] ReadMemory at 0x218ab9f65f0 of 132 bytes failed: Запрос ReadProcessMemory или WriteProcessMemory был выполнен только частично. (0x12B)
[0628/200726.159:ERROR:process_memory_win.cc(73)] ReadMemory at 0x218ab9fac10 of 132 bytes failed: Запрос ReadProcessMemory или WriteProcessMemory был выполнен только частично. (0x12B)
[0628/200726.159:ERROR:process_memory_win.cc(73)] ReadMemory at 0x218ab9fae20 of 132 bytes failed: Запрос ReadProcessMemory или WriteProcessMemory был выполнен только частично. (0x12B)
[0628/200726.159:ERROR:process_memory_win.cc(73)] ReadMemory at 0x218ab9fb040 of 62 bytes failed: Запрос ReadProcessMemory или WriteProcessMemory был выполнен только частично. (0x12B)
[0628/200726.159:ERROR:process_memory_win.cc(73)] ReadMemory at 0x218ab9fb180 of 60 bytes failed: Запрос ReadProcessMemory или WriteProcessMemory был выполнен только частично. (0x12B)
[0628/200726.159:ERROR:process_memory_win.cc(73)] ReadMemory at 0x218ab9fb1d0 of 64 bytes failed: Запрос ReadProcessMemory или WriteProcessMemory был выполнен только частично. (0x12B)
[0628/200726.159:ERROR:process_memory_win.cc(73)] ReadMemory at 0x218ab9fb270 of 62 bytes failed: Запрос ReadProcessMemory или WriteProcessMemory был выполнен только частично. (0x12B)
[0628/200726.159:ERROR:process_memory_win.cc(73)] ReadMemory at 0x218ab9fb310 of 66 bytes failed: Запрос ReadProcessMemory или WriteProcessMemory был выполнен только частично. (0x12B)
[0628/200726.159:ERROR:process_memory_win.cc(73)] ReadMemory at 0x218ab9fb360 of 60 bytes failed: Запрос ReadProcessMemory или WriteProcessMemory был выполнен только частично. (0x12B)
[0628/200726.159:ERROR:process_memory_win.cc(73)] ReadMemory at 0x218ab9fb400 of 58 bytes failed: Запрос ReadProcessMemory или WriteProcessMemory был выполнен только частично. (0x12B)
[0628/200726.159:ERROR:process_memory_win.cc(73)] ReadMemory at 0x218ab9fb6d0 of 64 bytes failed: Запрос ReadProcessMemory или WriteProcessMemory был выполнен только частично. (0x12B)
[0628/200726.159:ERROR:process_memory_win.cc(73)] ReadMemory at 0x218ab9fb7c0 of 62 bytes failed: Запрос ReadProcessMemory или WriteProcessMemory был выполнен только частично. (0x12B)
[0628/200726.159:ERROR:process_memory_win.cc(73)] ReadMemory at 0x218ab9fb900 of 62 bytes failed: Запрос ReadProcessMemory или WriteProcessMemory был выполнен только частично. (0x12B)
[0628/200726.159:ERROR:process_memory_win.cc(73)] ReadMemory at 0x218ab9fb950 of 62 bytes failed: Запрос ReadProcessMemory или WriteProcessMemory был выполнен только частично. (0x12B)
[0628/200726.159:ERROR:process_memory_win.cc(73)] ReadMemory at 0x218ab9fba40 of 60 bytes failed: Запрос ReadProcessMemory или WriteProcessMemory был выполнен только частично. (0x12B)
[0628/200726.159:ERROR:process_memory_win.cc(73)] ReadMemory at 0x218ab9fbae0 of 62 bytes failed: Запрос ReadProcessMemory или WriteProcessMemory был выполнен только частично. (0x12B)
[0628/200726.159:ERROR:process_memory_win.cc(73)] ReadMemory at 0x218ab9fbb30 of 60 bytes failed: Запрос ReadProcessMemory или WriteProcessMemory был выполнен только частично. (0x12B)
[0628/200726.159:ERROR:process_memory_win.cc(73)] ReadMemory at 0x218ab9fbb80 of 64 bytes failed: Запрос ReadProcessMemory или WriteProcessMemory был выполнен только частично. (0x12B)
[0628/200726.159:ERROR:process_memory_win.cc(73)] ReadMemory at 0x218ab9fbd10 of 62 bytes failed: Запрос ReadProcessMemory или WriteProcessMemory был выполнен только частично. (0x12B)
[0628/200726.159:ERROR:process_memory_win.cc(73)] ReadMemory at 0x218ab9fbd60 of 64 bytes failed: Запрос ReadProcessMemory или WriteProcessMemory был выполнен только частично. (0x12B)
[0628/200726.163:ERROR:process_memory_win.cc(73)] ReadMemory at 0x218ab9fbdb0 of 62 bytes failed: Запрос ReadProcessMemory или WriteProcessMemory был выполнен только частично. (0x12B)
[0628/200726.163:ERROR:process_memory_win.cc(73)] ReadMemory at 0x218ab9fbfb0 of 132 bytes failed: Запрос ReadProcessMemory или WriteProcessMemory был выполнен только частично. (0x12B)
[0628/200726.163:ERROR:process_memory_win.cc(73)] ReadMemory at 0x218ab9fc0e0 of 132 bytes failed: Запрос ReadProcessMemory или WriteProcessMemory был выполнен только частично. (0x12B)
[0628/200726.163:ERROR:process_memory_win.cc(73)] ReadMemory at 0x218ab9fc470 of 132 bytes failed: Запрос ReadProcessMemory или WriteProcessMemory был выполнен только частично. (0x12B)
[0628/200726.163:ERROR:process_memory_win.cc(73)] ReadMemory at 0x218ab9fc800 of 132 bytes failed: Запрос ReadProcessMemory или WriteProcessMemory был выполнен только частично. (0x12B)
[0628/200726.163:ERROR:process_memory_win.cc(73)] ReadMemory at 0x218ab9fca60 of 132 bytes failed: Запрос ReadProcessMemory или WriteProcessMemory был выполнен только частично. (0x12B)
[0628/200726.163:ERROR:process_memory_win.cc(73)] ReadMemory at 0x218ab9fccc0 of 132 bytes failed: Запрос ReadProcessMemory или WriteProcessMemory был выполнен только частично. (0x12B)
[0628/200726.163:ERROR:process_memory_win.cc(73)] ReadMemory at 0x218ab9fcdf0 of 132 bytes failed: Запрос ReadProcessMemory или WriteProcessMemory был выполнен только частично. (0x12B)
[0628/200726.163:ERROR:process_memory_win.cc(73)] ReadMemory at 0x218ab9fcf20 of 132 bytes failed: Запрос ReadProcessMemory или WriteProcessMemory был выполнен только частично. (0x12B)
[0628/200726.163:ERROR:process_memory_win.cc(73)] ReadMemory at 0x218ab9fd180 of 132 bytes failed: Запрос ReadProcessMemory или WriteProcessMemory был выполнен только частично. (0x12B)
[0628/200726.163:ERROR:process_memory_win.cc(73)] ReadMemory at 0x218ab9fdc30 of 132 bytes failed: Запрос ReadProcessMemory или WriteProcessMemory был выполнен только частично. (0x12B)
[0628/200726.163:ERROR:process_memory_win.cc(73)] ReadMemory at 0x218aba123f0 of 512 bytes failed: Запрос ReadProcessMemory или WriteProcessMemory был выполнен только частично. (0x12B)
[0628/200726.163:ERROR:process_memory_win.cc(73)] ReadMemory at 0x218aba14510 of 512 bytes failed: Запрос ReadProcessMemory или WriteProcessMemory был выполнен только частично. (0x12B)
[0628/200726.163:ERROR:process_memory_win.cc(73)] ReadMemory at 0x218ac1c16c0 of 512 bytes failed: Запрос ReadProcessMemory или WriteProcessMemory был выполнен только частично. (0x12B)
[0628/200726.163:ERROR:process_memory_win.cc(73)] ReadMemory at 0x218ac220000 of 384 bytes failed: Запрос ReadProcessMemory или WriteProcessMemory был выполнен только частично. (0x12B)
[0628/200726.167:ERROR:process_memory_win.cc(73)] ReadMemory at 0x218ac2603d0 of 512 bytes failed: Запрос ReadProcessMemory или WriteProcessMemory был выполнен только частично. (0x12B)
[0628/200726.167:ERROR:process_memory_win.cc(73)] ReadMemory at 0x218ac2734a0 of 512 bytes failed: Запрос ReadProcessMemory или WriteProcessMemory был выполнен только частично. (0x12B)
[0628/200726.171:ERROR:process_memory_win.cc(73)] ReadMemory at 0x218ac27ebe0 of 712 bytes failed: Запрос ReadProcessMemory или WriteProcessMemory был выполнен только частично. (0x12B)
[0628/200726.171:ERROR:process_memory_win.cc(73)] ReadMemory at 0x218ac282a90 of 512 bytes failed: Запрос ReadProcessMemory или WriteProcessMemory был выполнен только частично. (0x12B)
[0628/200726.175:ERROR:process_memory_win.cc(73)] ReadMemory at 0x218ac298ab0 of 512 bytes failed: Запрос ReadProcessMemory или WriteProcessMemory был выполнен только частично. (0x12B)
[0628/200726.195:ERROR:process_memory_win.cc(73)] ReadMemory at 0x218ac30fe80 of 512 bytes failed: Запрос ReadProcessMemory или WriteProcessMemory был выполнен только частично. (0x12B)
[0628/200726.195:ERROR:process_memory_win.cc(73)] ReadMemory at 0x218ac313a70 of 512 bytes failed: Запрос ReadProcessMemory или WriteProcessMemory был выполнен только частично. (0x12B)
[0628/200726.195:ERROR:process_memory_win.cc(73)] ReadMemory at 0x218ad97ff80 of 512 bytes failed: Запрос ReadProcessMemory или WriteProcessMemory был выполнен только частично. (0x12B)
[0628/200726.195:ERROR:process_memory_win.cc(73)] ReadMemory at 0x218ada42cb0 of 512 bytes failed: Запрос ReadProcessMemory или WriteProcessMemory был выполнен только частично. (0x12B)
[0628/200726.195:ERROR:process_memory_win.cc(73)] ReadMemory at 0x218adb8be60 of 512 bytes failed: Запрос ReadProcessMemory или WriteProcessMemory был выполнен только частично. (0x12B)
[0628/200726.195:ERROR:process_memory_win.cc(73)] ReadMemory at 0x58eb5e68c548 of 512 bytes failed: Запрос ReadProcessMemory или WriteProcessMemory был выполнен только частично. (0x12B)
[0628/200726.199:ERROR:process_memory_win.cc(73)] ReadMemory at 0x7ffa642b8cfc of 512 bytes failed: Запрос ReadProcessMemory или WriteProcessMemory был выполнен только частично. (0x12B)
[0628/200726.199:ERROR:process_memory_win.cc(73)] ReadMemory at 0x7ffa651e67e1 of 512 bytes failed: Запрос ReadProcessMemory или WriteProcessMemory был выполнен только частично. (0x12B)
[0628/200726.207:ERROR:process_memory_win.cc(73)] ReadMemory at 0x7ffa6931d581 of 512 bytes failed: Запрос ReadProcessMemory или WriteProcessMemory был выполнен только частично. (0x12B)
[0628/200726.207:ERROR:process_memory_win.cc(73)] ReadMemory at 0x7ffa6943a568 of 512 bytes failed: Запрос ReadProcessMemory или WriteProcessMemory был выполнен только частично. (0x12B)
[0628/200726.207:ERROR:process_memory_win.cc(73)] ReadMemory at 0x7ffaab70c6e0 of 512 bytes failed: Запрос ReadProcessMemory или WriteProcessMemory был выполнен только частично. (0x12B)
[0628/200726.207:ERROR:process_memory_win.cc(73)] ReadMemory at 0x7ffaae55c074 of 672 bytes failed: Запрос ReadProcessMemory или WriteProcessMemory был выполнен только частично. (0x12B)
[0628/200726.207:ERROR:process_memory_win.cc(73)] ReadMemory at 0x7ffaae55c674 of 512 bytes failed: Запрос ReadProcessMemory или WriteProcessMemory был выполнен только частично. (0x12B)
[0628/200726.207:ERROR:process_memory_win.cc(73)] ReadMemory at 0x7ffaae55f924 of 608 bytes failed: Запрос ReadProcessMemory или WriteProcessMemory был выполнен только частично. (0x12B)
[0628/200726.207:ERROR:process_memory_win.cc(73)] ReadMemory at 0x7ffaae5ec428 of 18 bytes failed: Запрос ReadProcessMemory или WriteProcessMemory был выполнен только частично. (0x12B)
[0628/200726.207:ERROR:process_memory_win.cc(73)] ReadMemory at 0x7ffaae61f4f8 of 40 bytes failed: Запрос ReadProcessMemory или WriteProcessMemory был выполнен только частично. (0x12B)
[0628/200726.211:ERROR:process_memory_win.cc(73)] ReadMemory at 0x7ffaae61f978 of 48 bytes failed: Запрос ReadProcessMemory или WriteProcessMemory был выполнен только частично. (0x12B)
[0628/200726.211:ERROR:process_memory_win.cc(73)] ReadMemory at 0x7ffaae6253c0 of 64 bytes failed: Запрос ReadProcessMemory или WriteProcessMemory был выполнен только частично. (0x12B)
[0628/200726.227:ERROR:scoped_process_suspend.cc(40)] NtResumeProcess: Попытка доступа к процессу, выполняющему процедуру завершения. (0xc000010a)
